<?xml version="1.0" encoding="UTF-8"?>
<coverage generated="1784151240224" clover="3.2.0">
  <project timestamp="1784151240224" name="All files">
    <metrics statements="344" coveredstatements="273" conditionals="251" coveredconditionals="172" methods="43" coveredmethods="27" elements="638" coveredelements="472" complexity="0" loc="344" ncloc="344" packages="2" files="5" classes="5"/>
    <package name="src">
      <metrics statements="169" coveredstatements="136" conditionals="145" coveredconditionals="98" methods="19" coveredmethods="7"/>
      <file name="server.ts" path="C:\VSC PROJECT\SmartTicket\src\server.ts">
        <metrics statements="169" coveredstatements="136" conditionals="145" coveredconditionals="98" methods="19" coveredmethods="7"/>
        <line num="1" count="6" type="stmt"/>
        <line num="3" count="6" type="stmt"/>
        <line num="4" count="6" type="stmt"/>
        <line num="5" count="6" type="stmt"/>
        <line num="6" count="6" type="stmt"/>
        <line num="7" count="6" type="stmt"/>
        <line num="16" count="0" type="cond" truecount="0" falsecount="2"/>
        <line num="17" count="0" type="stmt"/>
        <line num="18" count="0" type="cond" truecount="0" falsecount="2"/>
        <line num="21" count="0" type="stmt"/>
        <line num="25" count="31" type="stmt"/>
        <line num="32" count="2" type="stmt"/>
        <line num="39" count="10" type="stmt"/>
        <line num="40" count="10" type="stmt"/>
        <line num="41" count="10" type="stmt"/>
        <line num="42" count="10" type="stmt"/>
        <line num="44" count="10" type="cond" truecount="4" falsecount="0"/>
        <line num="45" count="2" type="stmt"/>
        <line num="46" count="2" type="stmt"/>
        <line num="47" count="2" type="stmt"/>
        <line num="50" count="8" type="cond" truecount="4" falsecount="0"/>
        <line num="51" count="1" type="stmt"/>
        <line num="52" count="1" type="stmt"/>
        <line num="53" count="1" type="stmt"/>
        <line num="54" count="1" type="cond" truecount="3" falsecount="1"/>
        <line num="55" count="1" type="stmt"/>
        <line num="57" count="1" type="stmt"/>
        <line num="60" count="7" type="cond" truecount="4" falsecount="0"/>
        <line num="61" count="2" type="cond" truecount="1" falsecount="1"/>
        <line num="62" count="2" type="stmt"/>
        <line num="63" count="2" type="stmt"/>
        <line num="87" count="2" type="cond" truecount="2" falsecount="0"/>
        <line num="90" count="5" type="cond" truecount="4" falsecount="0"/>
        <line num="91" count="3" type="stmt"/>
        <line num="92" count="3" type="stmt"/>
        <line num="95" count="2" type="cond" truecount="4" falsecount="0"/>
        <line num="96" count="1" type="stmt"/>
        <line num="97" count="1" type="stmt"/>
        <line num="98" count="1" type="stmt"/>
        <line num="101" count="1" type="cond" truecount="3" falsecount="1"/>
        <line num="102" count="1" type="stmt"/>
        <line num="108" count="0" type="stmt"/>
        <line num="112" count="0" type="stmt"/>
        <line num="120" count="0" type="stmt"/>
        <line num="121" count="0" type="stmt"/>
        <line num="123" count="0" type="stmt"/>
        <line num="126" count="0" type="cond" truecount="0" falsecount="5"/>
        <line num="127" count="0" type="stmt"/>
        <line num="130" count="0" type="stmt"/>
        <line num="131" count="0" type="stmt"/>
        <line num="132" count="0" type="cond" truecount="0" falsecount="2"/>
        <line num="133" count="0" type="stmt"/>
        <line num="136" count="0" type="stmt"/>
        <line num="146" count="0" type="cond" truecount="0" falsecount="2"/>
        <line num="147" count="0" type="cond" truecount="0" falsecount="2"/>
        <line num="148" count="0" type="cond" truecount="0" falsecount="2"/>
        <line num="150" count="0" type="stmt"/>
        <line num="151" count="0" type="cond" truecount="0" falsecount="2"/>
        <line num="152" count="0" type="stmt"/>
        <line num="155" count="0" type="cond" truecount="0" falsecount="2"/>
        <line num="156" count="0" type="stmt"/>
        <line num="160" count="3" type="cond" truecount="1" falsecount="4"/>
        <line num="162" count="0" type="stmt"/>
        <line num="164" count="0" type="stmt"/>
        <line num="166" count="3" type="stmt"/>
        <line num="168" count="0" type="stmt"/>
        <line num="170" count="0" type="stmt"/>
        <line num="175" count="33" type="stmt"/>
        <line num="176" count="33" type="stmt"/>
        <line num="177" count="33" type="stmt"/>
        <line num="180" count="33" type="cond" truecount="4" falsecount="0"/>
        <line num="181" count="5" type="stmt"/>
        <line num="182" count="5" type="stmt"/>
        <line num="183" count="5" type="stmt"/>
        <line num="185" count="5" type="cond" truecount="2" falsecount="0"/>
        <line num="186" count="2" type="stmt"/>
        <line num="189" count="2" type="cond" truecount="3" falsecount="1"/>
        <line num="190" count="1" type="stmt"/>
        <line num="194" count="5" type="stmt"/>
        <line num="209" count="28" type="stmt"/>
        <line num="233" count="4" type="stmt"/>
        <line num="235" count="1" type="stmt"/>
        <line num="236" count="1" type="stmt"/>
        <line num="241" count="28" type="cond" truecount="4" falsecount="0"/>
        <line num="242" count="4" type="stmt"/>
        <line num="243" count="4" type="stmt"/>
        <line num="245" count="4" type="cond" truecount="4" falsecount="0"/>
        <line num="246" count="1" type="stmt"/>
        <line num="249" count="3" type="stmt"/>
        <line num="250" count="3" type="stmt"/>
        <line num="251" count="3" type="stmt"/>
        <line num="253" count="3" type="stmt"/>
        <line num="254" count="3" type="stmt"/>
        <line num="255" count="2" type="stmt"/>
        <line num="256" count="2" type="stmt"/>
        <line num="258" count="1" type="stmt"/>
        <line num="259" count="1" type="stmt"/>
        <line num="262" count="3" type="stmt"/>
        <line num="264" count="3" type="stmt"/>
        <line num="265" count="3" type="stmt"/>
        <line num="266" count="2" type="cond" truecount="2" falsecount="2"/>
        <line num="268" count="2" type="stmt"/>
        <line num="275" count="2" type="stmt"/>
        <line num="277" count="1" type="stmt"/>
        <line num="278" count="1" type="stmt"/>
        <line num="283" count="24" type="stmt"/>
        <line num="284" count="24" type="cond" truecount="2" falsecount="0"/>
        <line num="285" count="14" type="stmt"/>
        <line num="287" count="14" type="cond" truecount="2" falsecount="0"/>
        <line num="288" count="6" type="stmt"/>
        <line num="289" count="6" type="stmt"/>
        <line num="290" count="5" type="cond" truecount="2" falsecount="0"/>
        <line num="291" count="2" type="stmt"/>
        <line num="294" count="3" type="stmt"/>
        <line num="297" count="3" type="stmt"/>
        <line num="298" count="3" type="cond" truecount="2" falsecount="0"/>
        <line num="299" count="1" type="stmt"/>
        <line num="302" count="1" type="cond" truecount="2" falsecount="2"/>
        <line num="303" count="1" type="stmt"/>
        <line num="304" count="1" type="cond" truecount="1" falsecount="1"/>
        <line num="305" count="1" type="stmt"/>
        <line num="310" count="2" type="stmt"/>
        <line num="312" count="1" type="stmt"/>
        <line num="313" count="1" type="stmt"/>
        <line num="317" count="8" type="cond" truecount="2" falsecount="0"/>
        <line num="318" count="5" type="stmt"/>
        <line num="319" count="5" type="stmt"/>
        <line num="320" count="5" type="stmt"/>
        <line num="321" count="5" type="stmt"/>
        <line num="322" count="5" type="stmt"/>
        <line num="323" count="5" type="stmt"/>
        <line num="325" count="5" type="cond" truecount="2" falsecount="0"/>
        <line num="326" count="3" type="stmt"/>
        <line num="327" count="3" type="stmt"/>
        <line num="329" count="5" type="cond" truecount="2" falsecount="0"/>
        <line num="330" count="1" type="stmt"/>
        <line num="331" count="1" type="stmt"/>
        <line num="334" count="5" type="cond" truecount="2" falsecount="0"/>
        <line num="335" count="2" type="cond" truecount="4" falsecount="0"/>
        <line num="336" count="1" type="stmt"/>
        <line num="338" count="1" type="stmt"/>
        <line num="343" count="1" type="cond" truecount="2" falsecount="2"/>
        <line num="344" count="1" type="stmt"/>
        <line num="345" count="1" type="stmt"/>
        <line num="350" count="5" type="cond" truecount="1" falsecount="1"/>
        <line num="351" count="5" type="stmt"/>
        <line num="352" count="5" type="stmt"/>
        <line num="359" count="4" type="stmt"/>
        <line num="361" count="1" type="stmt"/>
        <line num="362" count="1" type="stmt"/>
        <line num="366" count="3" type="cond" truecount="1" falsecount="1"/>
        <line num="367" count="3" type="stmt"/>
        <line num="368" count="3" type="stmt"/>
        <line num="369" count="2" type="stmt"/>
        <line num="371" count="1" type="stmt"/>
        <line num="372" count="1" type="stmt"/>
        <line num="377" count="10" type="stmt"/>
        <line num="380" count="6" type="stmt"/>
        <line num="382" count="33" type="stmt"/>
        <line num="383" count="33" type="stmt"/>
        <line num="384" count="33" type="cond" truecount="2" falsecount="0"/>
        <line num="386" count="10" type="stmt"/>
        <line num="387" count="10" type="cond" truecount="1" falsecount="1"/>
        <line num="388" count="10" type="stmt"/>
        <line num="391" count="0" type="stmt"/>
        <line num="392" count="0" type="stmt"/>
        <line num="393" count="0" type="stmt"/>
        <line num="395" count="0" type="stmt"/>
        <line num="396" count="0" type="stmt"/>
      </file>
    </package>
    <package name="src.lib">
      <metrics statements="175" coveredstatements="137" conditionals="106" coveredconditionals="74" methods="24" coveredmethods="20"/>
      <file name="auth.ts" path="C:\VSC PROJECT\SmartTicket\src\lib\auth.ts">
        <metrics statements="98" coveredstatements="95" conditionals="65" coveredconditionals="54" methods="11" coveredmethods="11"/>
        <line num="1" count="7" type="stmt"/>
        <line num="2" count="7" type="stmt"/>
        <line num="3" count="7" type="stmt"/>
        <line num="4" count="7" type="stmt"/>
        <line num="10" count="7" type="stmt"/>
        <line num="11" count="7" type="stmt"/>
        <line num="14" count="2" type="stmt"/>
        <line num="24" count="14" type="cond" truecount="3" falsecount="0"/>
        <line num="25" count="14" type="cond" truecount="1" falsecount="1"/>
        <line num="29" count="2" type="stmt"/>
        <line num="30" count="2" type="stmt"/>
        <line num="34" count="22" type="cond" truecount="2" falsecount="0"/>
        <line num="35" count="22" type="stmt"/>
        <line num="36" count="22" type="cond" truecount="2" falsecount="0"/>
        <line num="37" count="3" type="stmt"/>
        <line num="40" count="19" type="cond" truecount="2" falsecount="0"/>
        <line num="41" count="19" type="stmt"/>
        <line num="42" count="19" type="cond" truecount="2" falsecount="0"/>
        <line num="45" count="7" type="stmt"/>
        <line num="46" count="22" type="stmt"/>
        <line num="47" count="22" type="cond" truecount="2" falsecount="0"/>
        <line num="49" count="12" type="stmt"/>
        <line num="50" count="12" type="stmt"/>
        <line num="54" count="10" type="stmt"/>
        <line num="56" count="2" type="stmt"/>
        <line num="61" count="2" type="cond" truecount="1" falsecount="1"/>
        <line num="62" count="2" type="stmt"/>
        <line num="64" count="2" type="stmt"/>
        <line num="70" count="2" type="cond" truecount="2" falsecount="2"/>
        <line num="71" count="2" type="stmt"/>
        <line num="72" count="2" type="stmt"/>
        <line num="75" count="0" type="stmt"/>
        <line num="81" count="0" type="stmt"/>
        <line num="82" count="0" type="stmt"/>
        <line num="85" count="7" type="stmt"/>
        <line num="90" count="4" type="stmt"/>
        <line num="92" count="4" type="stmt"/>
        <line num="93" count="4" type="stmt"/>
        <line num="96" count="4" type="cond" truecount="3" falsecount="1"/>
        <line num="97" count="2" type="stmt"/>
        <line num="100" count="2" type="stmt"/>
        <line num="101" count="2" type="stmt"/>
        <line num="102" count="2" type="stmt"/>
        <line num="103" count="2" type="cond" truecount="1" falsecount="1"/>
        <line num="104" count="2" type="stmt"/>
        <line num="105" count="2" type="cond" truecount="2" falsecount="2"/>
        <line num="107" count="2" type="stmt"/>
        <line num="123" count="2" type="stmt"/>
        <line num="130" count="2" type="stmt"/>
        <line num="140" count="7" type="stmt"/>
        <line num="141" count="5" type="stmt"/>
        <line num="143" count="5" type="stmt"/>
        <line num="149" count="5" type="cond" truecount="2" falsecount="0"/>
        <line num="150" count="2" type="stmt"/>
        <line num="153" count="3" type="stmt"/>
        <line num="154" count="3" type="stmt"/>
        <line num="156" count="3" type="cond" truecount="2" falsecount="0"/>
        <line num="157" count="1" type="stmt"/>
        <line num="160" count="2" type="stmt"/>
        <line num="166" count="2" type="stmt"/>
        <line num="169" count="7" type="stmt"/>
        <line num="170" count="5" type="stmt"/>
        <line num="172" count="5" type="stmt"/>
        <line num="173" count="5" type="stmt"/>
        <line num="182" count="5" type="cond" truecount="2" falsecount="0"/>
        <line num="183" count="1" type="stmt"/>
        <line num="186" count="4" type="stmt"/>
        <line num="196" count="4" type="stmt"/>
        <line num="198" count="4" type="cond" truecount="2" falsecount="0"/>
        <line num="199" count="1" type="stmt"/>
        <line num="202" count="3" type="cond" truecount="2" falsecount="0"/>
        <line num="203" count="1" type="stmt"/>
        <line num="212" count="2" type="stmt"/>
        <line num="216" count="2" type="stmt"/>
        <line num="235" count="7" type="stmt"/>
        <line num="236" count="6" type="stmt"/>
        <line num="238" count="6" type="stmt"/>
        <line num="239" count="6" type="cond" truecount="2" falsecount="0"/>
        <line num="240" count="3" type="stmt"/>
        <line num="243" count="3" type="stmt"/>
        <line num="252" count="3" type="cond" truecount="2" falsecount="0"/>
        <line num="253" count="1" type="stmt"/>
        <line num="256" count="2" type="stmt"/>
        <line num="265" count="2" type="stmt"/>
        <line num="281" count="7" type="stmt"/>
        <line num="286" count="4" type="stmt"/>
        <line num="288" count="4" type="stmt"/>
        <line num="289" count="4" type="cond" truecount="2" falsecount="0"/>
        <line num="290" count="1" type="stmt"/>
        <line num="293" count="3" type="cond" truecount="2" falsecount="0"/>
        <line num="294" count="3" type="cond" truecount="2" falsecount="0"/>
        <line num="295" count="3" type="cond" truecount="2" falsecount="0"/>
        <line num="297" count="3" type="cond" truecount="2" falsecount="0"/>
        <line num="298" count="1" type="stmt"/>
        <line num="304" count="1" type="cond" truecount="2" falsecount="2"/>
        <line num="305" count="1" type="stmt"/>
        <line num="309" count="2" type="stmt"/>
        <line num="315" count="2" type="stmt"/>
      </file>
      <file name="db.ts" path="C:\VSC PROJECT\SmartTicket\src\lib\db.ts">
        <metrics statements="61" coveredstatements="36" conditionals="33" coveredconditionals="18" methods="8" coveredmethods="7"/>
        <line num="1" count="2" type="stmt"/>
        <line num="2" count="2" type="stmt"/>
        <line num="3" count="2" type="stmt"/>
        <line num="10" count="2" type="stmt"/>
        <line num="13" count="5" type="cond" truecount="2" falsecount="0"/>
        <line num="14" count="1" type="stmt"/>
        <line num="17" count="4" type="cond" truecount="4" falsecount="0"/>
        <line num="18" count="3" type="stmt"/>
        <line num="21" count="1" type="stmt"/>
        <line num="27" count="15" type="cond" truecount="2" falsecount="0"/>
        <line num="28" count="5" type="stmt"/>
        <line num="29" count="4" type="stmt"/>
        <line num="31" count="4" type="stmt"/>
        <line num="45" count="14" type="stmt"/>
        <line num="48" count="2" type="stmt"/>
        <line num="53" count="15" type="stmt"/>
        <line num="54" count="14" type="stmt"/>
        <line num="55" count="14" type="stmt"/>
        <line num="57" count="14" type="stmt"/>
        <line num="62" count="2" type="stmt"/>
        <line num="63" count="10" type="cond" truecount="2" falsecount="0"/>
        <line num="64" count="4" type="stmt"/>
        <line num="65" count="4" type="stmt"/>
        <line num="66" count="4" type="stmt"/>
        <line num="71" count="1" type="stmt"/>
        <line num="83" count="1" type="stmt"/>
        <line num="102" count="1" type="stmt"/>
        <line num="124" count="0" type="stmt"/>
        <line num="129" count="0" type="stmt"/>
        <line num="131" count="0" type="cond" truecount="0" falsecount="2"/>
        <line num="132" count="0" type="stmt"/>
        <line num="137" count="0" type="stmt"/>
        <line num="140" count="0" type="stmt"/>
        <line num="146" count="0" type="stmt"/>
        <line num="148" count="0" type="stmt"/>
        <line num="149" count="0" type="stmt"/>
        <line num="152" count="0" type="stmt"/>
        <line num="154" count="0" type="cond" truecount="0" falsecount="4"/>
        <line num="155" count="0" type="stmt"/>
        <line num="156" count="0" type="stmt"/>
        <line num="157" count="0" type="stmt"/>
        <line num="177" count="0" type="stmt"/>
        <line num="190" count="0" type="stmt"/>
        <line num="194" count="0" type="stmt"/>
        <line num="200" count="0" type="stmt"/>
        <line num="383" count="0" type="stmt"/>
        <line num="384" count="0" type="stmt"/>
        <line num="385" count="0" type="cond" truecount="0" falsecount="2"/>
        <line num="387" count="0" type="stmt"/>
        <line num="393" count="0" type="cond" truecount="0" falsecount="2"/>
        <line num="394" count="0" type="stmt"/>
        <line num="415" count="2" type="stmt"/>
        <line num="416" count="2" type="cond" truecount="2" falsecount="0"/>
        <line num="418" count="1" type="cond" truecount="1" falsecount="1"/>
        <line num="419" count="1" type="stmt"/>
        <line num="420" count="1" type="stmt"/>
        <line num="422" count="1" type="stmt"/>
        <line num="425" count="1" type="cond" truecount="2" falsecount="2"/>
        <line num="426" count="0" type="stmt"/>
        <line num="429" count="1" type="stmt"/>
        <line num="433" count="1" type="stmt"/>
      </file>
      <file name="error-capture.ts" path="C:\VSC PROJECT\SmartTicket\src\lib\error-capture.ts">
        <metrics statements="14" coveredstatements="4" conditionals="8" coveredconditionals="2" methods="4" coveredmethods="1"/>
        <line num="5" count="7" type="stmt"/>
        <line num="8" count="0" type="stmt"/>
        <line num="11" count="7" type="cond" truecount="1" falsecount="1"/>
        <line num="12" count="0" type="cond" truecount="0" falsecount="2"/>
        <line num="13" count="0" type="stmt"/>
        <line num="14" count="0" type="stmt"/>
        <line num="18" count="7" type="stmt"/>
        <line num="19" count="5" type="cond" truecount="1" falsecount="1"/>
        <line num="20" count="0" type="cond" truecount="0" falsecount="2"/>
        <line num="21" count="0" type="stmt"/>
        <line num="22" count="0" type="stmt"/>
        <line num="24" count="0" type="stmt"/>
        <line num="25" count="0" type="stmt"/>
        <line num="26" count="0" type="stmt"/>
      </file>
      <file name="error-page.ts" path="C:\VSC PROJECT\SmartTicket\src\lib\error-page.ts">
        <metrics statements="2" coveredstatements="2" conditionals="0" coveredconditionals="0" methods="1" coveredmethods="1"/>
        <line num="1" count="7" type="stmt"/>
        <line num="2" count="4" type="stmt"/>
      </file>
    </package>
  </project>
</coverage>
