{"C:\\VSC PROJECT\\SmartTicket\\src\\server.ts": {"path":"C:\\VSC PROJECT\\SmartTicket\\src\\server.ts","statementMap":{"0":{"start":{"line":1,"column":0},"end":{"line":1,"column":29}},"1":{"start":{"line":3,"column":0},"end":{"line":3,"column":63}},"2":{"start":{"line":4,"column":0},"end":{"line":4,"column":51}},"3":{"start":{"line":5,"column":0},"end":{"line":5,"column":114}},"4":{"start":{"line":6,"column":0},"end":{"line":6,"column":33}},"5":{"start":{"line":7,"column":0},"end":{"line":7,"column":54}},"6":{"start":{"line":16,"column":2},"end":{"line":20,"column":3}},"7":{"start":{"line":17,"column":4},"end":{"line":19,"column":6}},"8":{"start":{"line":17,"column":25},"end":{"line":17,"column":70}},"9":{"start":{"line":18,"column":14},"end":{"line":18,"column":86}},"10":{"start":{"line":21,"column":2},"end":{"line":21,"column":28}},"11":{"start":{"line":25,"column":2},"end":{"line":28,"column":5}},"12":{"start":{"line":32,"column":2},"end":{"line":35,"column":5}},"13":{"start":{"line":39,"column":14},"end":{"line":39,"column":34}},"14":{"start":{"line":40,"column":19},"end":{"line":40,"column":31}},"15":{"start":{"line":41,"column":17},"end":{"line":41,"column":47}},"16":{"start":{"line":42,"column":17},"end":{"line":42,"column":46}},"17":{"start":{"line":44,"column":2},"end":{"line":48,"column":3}},"18":{"start":{"line":45,"column":20},"end":{"line":45,"column":58}},"19":{"start":{"line":45,"column":54},"end":{"line":45,"column":56}},"20":{"start":{"line":46,"column":21},"end":{"line":46,"column":64}},"21":{"start":{"line":47,"column":4},"end":{"line":47,"column":56}},"22":{"start":{"line":50,"column":2},"end":{"line":58,"column":3}},"23":{"start":{"line":51,"column":20},"end":{"line":51,"column":58}},"24":{"start":{"line":51,"column":54},"end":{"line":51,"column":56}},"25":{"start":{"line":52,"column":21},"end":{"line":52,"column":53}},"26":{"start":{"line":53,"column":44},"end":{"line":53,"column":46}},"27":{"start":{"line":54,"column":4},"end":{"line":56,"column":5}},"28":{"start":{"line":55,"column":6},"end":{"line":55,"column":46}},"29":{"start":{"line":57,"column":4},"end":{"line":57,"column":65}},"30":{"start":{"line":60,"column":2},"end":{"line":88,"column":3}},"31":{"start":{"line":61,"column":18},"end":{"line":61,"column":53}},"32":{"start":{"line":62,"column":19},"end":{"line":62,"column":50}},"33":{"start":{"line":63,"column":17},"end":{"line":86,"column":6}},"34":{"start":{"line":87,"column":4},"end":{"line":87,"column":53}},"35":{"start":{"line":90,"column":2},"end":{"line":93,"column":3}},"36":{"start":{"line":91,"column":21},"end":{"line":91,"column":54}},"37":{"start":{"line":92,"column":4},"end":{"line":92,"column":56}},"38":{"start":{"line":95,"column":2},"end":{"line":99,"column":3}},"39":{"start":{"line":96,"column":20},"end":{"line":96,"column":58}},"40":{"start":{"line":96,"column":54},"end":{"line":96,"column":56}},"41":{"start":{"line":97,"column":21},"end":{"line":97,"column":66}},"42":{"start":{"line":98,"column":4},"end":{"line":98,"column":56}},"43":{"start":{"line":101,"column":2},"end":{"line":106,"column":3}},"44":{"start":{"line":102,"column":4},"end":{"line":105,"column":7}},"45":{"start":{"line":108,"column":2},"end":{"line":108,"column":14}},"46":{"start":{"line":112,"column":2},"end":{"line":115,"column":5}},"47":{"start":{"line":120,"column":2},"end":{"line":124,"column":3}},"48":{"start":{"line":121,"column":4},"end":{"line":121,"column":31}},"49":{"start":{"line":123,"column":4},"end":{"line":123,"column":17}},"50":{"start":{"line":126,"column":2},"end":{"line":128,"column":3}},"51":{"start":{"line":127,"column":4},"end":{"line":127,"column":17}},"52":{"start":{"line":130,"column":17},"end":{"line":130,"column":51}},"53":{"start":{"line":131,"column":23},"end":{"line":131,"column":66}},"54":{"start":{"line":132,"column":2},"end":{"line":134,"column":3}},"55":{"start":{"line":132,"column":42},"end":{"line":132,"column":63}},"56":{"start":{"line":133,"column":4},"end":{"line":133,"column":17}},"57":{"start":{"line":136,"column":2},"end":{"line":140,"column":4}},"58":{"start":{"line":146,"column":2},"end":{"line":146,"column":45}},"59":{"start":{"line":146,"column":29},"end":{"line":146,"column":45}},"60":{"start":{"line":147,"column":22},"end":{"line":147,"column":64}},"61":{"start":{"line":148,"column":2},"end":{"line":148,"column":65}},"62":{"start":{"line":148,"column":49},"end":{"line":148,"column":65}},"63":{"start":{"line":150,"column":15},"end":{"line":150,"column":44}},"64":{"start":{"line":151,"column":2},"end":{"line":153,"column":3}},"65":{"start":{"line":152,"column":4},"end":{"line":152,"column":20}},"66":{"start":{"line":155,"column":2},"end":{"line":155,"column":92}},"67":{"start":{"line":156,"column":2},"end":{"line":156,"column":32}},"68":{"start":{"line":160,"column":2},"end":{"line":171,"column":3}},"69":{"start":{"line":162,"column":6},"end":{"line":162,"column":24}},"70":{"start":{"line":164,"column":6},"end":{"line":164,"column":24}},"71":{"start":{"line":166,"column":6},"end":{"line":166,"column":24}},"72":{"start":{"line":168,"column":6},"end":{"line":168,"column":24}},"73":{"start":{"line":170,"column":6},"end":{"line":170,"column":24}},"74":{"start":{"line":175,"column":14},"end":{"line":175,"column":34}},"75":{"start":{"line":176,"column":19},"end":{"line":176,"column":31}},"76":{"start":{"line":177,"column":17},"end":{"line":177,"column":46}},"77":{"start":{"line":180,"column":2},"end":{"line":238,"column":3}},"78":{"start":{"line":181,"column":4},"end":{"line":237,"column":5}},"79":{"start":{"line":182,"column":19},"end":{"line":182,"column":56}},"80":{"start":{"line":183,"column":27},"end":{"line":183,"column":28}},"81":{"start":{"line":185,"column":6},"end":{"line":192,"column":7}},"82":{"start":{"line":186,"column":24},"end":{"line":188,"column":10}},"83":{"start":{"line":189,"column":8},"end":{"line":191,"column":9}},"84":{"start":{"line":190,"column":10},"end":{"line":190,"column":69}},"85":{"start":{"line":194,"column":21},"end":{"line":206,"column":null}},"86":{"start":{"line":209,"column":28},"end":{"line":231,"column":9}},"87":{"start":{"line":209,"column":59},"end":{"line":231,"column":8}},"88":{"start":{"line":233,"column":6},"end":{"line":233,"column":46}},"89":{"start":{"line":235,"column":6},"end":{"line":235,"column":53}},"90":{"start":{"line":236,"column":6},"end":{"line":236,"column":75}},"91":{"start":{"line":241,"column":2},"end":{"line":280,"column":3}},"92":{"start":{"line":242,"column":20},"end":{"line":242,"column":58}},"93":{"start":{"line":242,"column":54},"end":{"line":242,"column":56}},"94":{"start":{"line":243,"column":52},"end":{"line":243,"column":59}},"95":{"start":{"line":245,"column":4},"end":{"line":247,"column":5}},"96":{"start":{"line":246,"column":6},"end":{"line":246,"column":85}},"97":{"start":{"line":249,"column":20},"end":{"line":249,"column":30}},"98":{"start":{"line":250,"column":20},"end":{"line":250,"column":27}},"99":{"start":{"line":251,"column":17},"end":{"line":251,"column":26}},"100":{"start":{"line":253,"column":4},"end":{"line":260,"column":5}},"101":{"start":{"line":254,"column":23},"end":{"line":254,"column":76}},"102":{"start":{"line":255,"column":6},"end":{"line":255,"column":37}},"103":{"start":{"line":256,"column":6},"end":{"line":256,"column":37}},"104":{"start":{"line":258,"column":6},"end":{"line":258,"column":81}},"105":{"start":{"line":259,"column":6},"end":{"line":259,"column":38}},"106":{"start":{"line":262,"column":16},"end":{"line":262,"column":39}},"107":{"start":{"line":264,"column":4},"end":{"line":279,"column":5}},"108":{"start":{"line":265,"column":24},"end":{"line":265,"column":83}},"109":{"start":{"line":266,"column":29},"end":{"line":266,"column":85}},"110":{"start":{"line":268,"column":21},"end":{"line":272,"column":null}},"111":{"start":{"line":275,"column":6},"end":{"line":275,"column":47}},"112":{"start":{"line":277,"column":6},"end":{"line":277,"column":54}},"113":{"start":{"line":278,"column":6},"end":{"line":278,"column":79}},"114":{"start":{"line":283,"column":16},"end":{"line":283,"column":57}},"115":{"start":{"line":284,"column":2},"end":{"line":375,"column":3}},"116":{"start":{"line":285,"column":15},"end":{"line":285,"column":37}},"117":{"start":{"line":287,"column":4},"end":{"line":315,"column":5}},"118":{"start":{"line":288,"column":6},"end":{"line":314,"column":7}},"119":{"start":{"line":289,"column":23},"end":{"line":289,"column":87}},"120":{"start":{"line":290,"column":8},"end":{"line":292,"column":9}},"121":{"start":{"line":291,"column":10},"end":{"line":291,"column":72}},"122":{"start":{"line":294,"column":23},"end":{"line":294,"column":37}},"123":{"start":{"line":297,"column":21},"end":{"line":297,"column":58}},"124":{"start":{"line":298,"column":8},"end":{"line":308,"column":9}},"125":{"start":{"line":299,"column":26},"end":{"line":301,"column":12}},"126":{"start":{"line":302,"column":10},"end":{"line":307,"column":11}},"127":{"start":{"line":303,"column":30},"end":{"line":303,"column":61}},"128":{"start":{"line":304,"column":12},"end":{"line":306,"column":13}},"129":{"start":{"line":305,"column":14},"end":{"line":305,"column":88}},"130":{"start":{"line":310,"column":8},"end":{"line":310,"column":41}},"131":{"start":{"line":312,"column":8},"end":{"line":312,"column":55}},"132":{"start":{"line":313,"column":8},"end":{"line":313,"column":76}},"133":{"start":{"line":317,"column":4},"end":{"line":364,"column":5}},"134":{"start":{"line":318,"column":6},"end":{"line":363,"column":7}},"135":{"start":{"line":319,"column":24},"end":{"line":319,"column":62}},"136":{"start":{"line":319,"column":58},"end":{"line":319,"column":60}},"137":{"start":{"line":320,"column":47},"end":{"line":320,"column":54}},"138":{"start":{"line":321,"column":34},"end":{"line":321,"column":36}},"139":{"start":{"line":322,"column":30},"end":{"line":322,"column":32}},"140":{"start":{"line":323,"column":18},"end":{"line":323,"column":19}},"141":{"start":{"line":325,"column":8},"end":{"line":328,"column":9}},"142":{"start":{"line":326,"column":10},"end":{"line":326,"column":45}},"143":{"start":{"line":327,"column":10},"end":{"line":327,"column":30}},"144":{"start":{"line":329,"column":8},"end":{"line":332,"column":9}},"145":{"start":{"line":330,"column":10},"end":{"line":330,"column":47}},"146":{"start":{"line":331,"column":10},"end":{"line":331,"column":33}},"147":{"start":{"line":334,"column":8},"end":{"line":348,"column":9}},"148":{"start":{"line":335,"column":10},"end":{"line":347,"column":11}},"149":{"start":{"line":336,"column":12},"end":{"line":336,"column":47}},"150":{"start":{"line":338,"column":28},"end":{"line":341,"column":null}},"151":{"start":{"line":343,"column":12},"end":{"line":346,"column":13}},"152":{"start":{"line":344,"column":14},"end":{"line":344,"column":54}},"153":{"start":{"line":345,"column":14},"end":{"line":345,"column":46}},"154":{"start":{"line":350,"column":8},"end":{"line":357,"column":9}},"155":{"start":{"line":351,"column":10},"end":{"line":351,"column":26}},"156":{"start":{"line":352,"column":10},"end":{"line":356,"column":12}},"157":{"start":{"line":359,"column":8},"end":{"line":359,"column":52}},"158":{"start":{"line":361,"column":8},"end":{"line":361,"column":55}},"159":{"start":{"line":362,"column":8},"end":{"line":362,"column":79}},"160":{"start":{"line":366,"column":4},"end":{"line":374,"column":5}},"161":{"start":{"line":367,"column":6},"end":{"line":373,"column":7}},"162":{"start":{"line":368,"column":8},"end":{"line":368,"column":71}},"163":{"start":{"line":369,"column":8},"end":{"line":369,"column":52}},"164":{"start":{"line":371,"column":8},"end":{"line":371,"column":55}},"165":{"start":{"line":372,"column":8},"end":{"line":372,"column":77}},"166":{"start":{"line":377,"column":2},"end":{"line":377,"column":14}},"167":{"start":{"line":380,"column":0},"end":{"line":399,"column":2}},"168":{"start":{"line":382,"column":4},"end":{"line":397,"column":5}},"169":{"start":{"line":383,"column":30},"end":{"line":383,"column":66}},"170":{"start":{"line":384,"column":6},"end":{"line":384,"column":50}},"171":{"start":{"line":384,"column":27},"end":{"line":384,"column":50}},"172":{"start":{"line":386,"column":26},"end":{"line":386,"column":59}},"173":{"start":{"line":387,"column":6},"end":{"line":389,"column":7}},"174":{"start":{"line":388,"column":8},"end":{"line":388,"column":27}},"175":{"start":{"line":391,"column":22},"end":{"line":391,"column":44}},"176":{"start":{"line":392,"column":23},"end":{"line":392,"column":61}},"177":{"start":{"line":393,"column":6},"end":{"line":393,"column":62}},"178":{"start":{"line":395,"column":6},"end":{"line":395,"column":27}},"179":{"start":{"line":396,"column":6},"end":{"line":396,"column":36}}},"fnMap":{"0":{"name":"getServerEntry","decl":{"start":{"line":15,"column":15},"end":{"line":15,"column":29}},"loc":{"start":{"line":15,"column":29},"end":{"line":22,"column":1}}},"1":{"name":"(anonymous_10)","decl":{"start":{"line":17,"column":25},"end":{"line":17,"column":32}},"loc":{"start":{"line":17,"column":25},"end":{"line":17,"column":70}}},"2":{"name":"(anonymous_11)","decl":{"start":{"line":18,"column":6},"end":{"line":18,"column":7}},"loc":{"start":{"line":18,"column":14},"end":{"line":18,"column":86}}},"3":{"name":"jsonResponse","decl":{"start":{"line":24,"column":9},"end":{"line":24,"column":21}},"loc":{"start":{"line":24,"column":87},"end":{"line":29,"column":1}}},"4":{"name":"htmlResponse","decl":{"start":{"line":31,"column":9},"end":{"line":31,"column":21}},"loc":{"start":{"line":31,"column":48},"end":{"line":36,"column":1}}},"5":{"name":"handleAuthApi","decl":{"start":{"line":38,"column":15},"end":{"line":38,"column":28}},"loc":{"start":{"line":38,"column":59},"end":{"line":109,"column":1}}},"6":{"name":"(anonymous_15)","decl":{"start":{"line":45,"column":47},"end":{"line":45,"column":50}},"loc":{"start":{"line":45,"column":54},"end":{"line":45,"column":56}}},"7":{"name":"(anonymous_16)","decl":{"start":{"line":51,"column":47},"end":{"line":51,"column":50}},"loc":{"start":{"line":51,"column":54},"end":{"line":51,"column":56}}},"8":{"name":"(anonymous_17)","decl":{"start":{"line":96,"column":47},"end":{"line":96,"column":50}},"loc":{"start":{"line":96,"column":54},"end":{"line":96,"column":56}}},"9":{"name":"brandedErrorResponse","decl":{"start":{"line":111,"column":9},"end":{"line":111,"column":29}},"loc":{"start":{"line":111,"column":29},"end":{"line":116,"column":1}}},"10":{"name":"isCatastrophicSsrErrorBody","decl":{"start":{"line":118,"column":9},"end":{"line":118,"column":35}},"loc":{"start":{"line":118,"column":72},"end":{"line":141,"column":1}}},"11":{"name":"(anonymous_20)","decl":{"start":{"line":132,"column":33},"end":{"line":132,"column":34}},"loc":{"start":{"line":132,"column":42},"end":{"line":132,"column":63}}},"12":{"name":"normalizeCatastrophicSsrResponse","decl":{"start":{"line":145,"column":15},"end":{"line":145,"column":47}},"loc":{"start":{"line":145,"column":66},"end":{"line":157,"column":1}}},"13":{"name":"calculateSla","decl":{"start":{"line":159,"column":9},"end":{"line":159,"column":21}},"loc":{"start":{"line":159,"column":38},"end":{"line":172,"column":1}}},"14":{"name":"handleTicketsApi","decl":{"start":{"line":174,"column":15},"end":{"line":174,"column":31}},"loc":{"start":{"line":174,"column":62},"end":{"line":378,"column":1}}},"15":{"name":"(anonymous_24)","decl":{"start":{"line":209,"column":44},"end":{"line":209,"column":45}},"loc":{"start":{"line":209,"column":59},"end":{"line":231,"column":8}}},"16":{"name":"(anonymous_25)","decl":{"start":{"line":242,"column":47},"end":{"line":242,"column":50}},"loc":{"start":{"line":242,"column":54},"end":{"line":242,"column":56}}},"17":{"name":"(anonymous_26)","decl":{"start":{"line":319,"column":51},"end":{"line":319,"column":54}},"loc":{"start":{"line":319,"column":58},"end":{"line":319,"column":60}}},"18":{"name":"(anonymous_27)","decl":{"start":{"line":381,"column":2},"end":{"line":381,"column":7}},"loc":{"start":{"line":381,"column":58},"end":{"line":398,"column":3}}}},"branchMap":{"0":{"loc":{"start":{"line":16,"column":2},"end":{"line":20,"column":3}},"type":"if","locations":[{"start":{"line":16,"column":2},"end":{"line":20,"column":3}},{"start":{},"end":{}}]},"1":{"loc":{"start":{"line":18,"column":14},"end":{"line":18,"column":86}},"type":"binary-expr","locations":[{"start":{"line":18,"column":14},"end":{"line":18,"column":53}},{"start":{"line":18,"column":58},"end":{"line":18,"column":86}}]},"2":{"loc":{"start":{"line":24,"column":37},"end":{"line":24,"column":49}},"type":"default-arg","locations":[{"start":{"line":24,"column":46},"end":{"line":24,"column":49}}]},"3":{"loc":{"start":{"line":24,"column":51},"end":{"line":24,"column":87}},"type":"default-arg","locations":[{"start":{"line":24,"column":85},"end":{"line":24,"column":87}}]},"4":{"loc":{"start":{"line":31,"column":36},"end":{"line":31,"column":48}},"type":"default-arg","locations":[{"start":{"line":31,"column":45},"end":{"line":31,"column":48}}]},"5":{"loc":{"start":{"line":44,"column":2},"end":{"line":48,"column":3}},"type":"if","locations":[{"start":{"line":44,"column":2},"end":{"line":48,"column":3}},{"start":{},"end":{}}]},"6":{"loc":{"start":{"line":44,"column":6},"end":{"line":44,"column":68}},"type":"binary-expr","locations":[{"start":{"line":44,"column":6},"end":{"line":44,"column":39}},{"start":{"line":44,"column":43},"end":{"line":44,"column":68}}]},"7":{"loc":{"start":{"line":50,"column":2},"end":{"line":58,"column":3}},"type":"if","locations":[{"start":{"line":50,"column":2},"end":{"line":58,"column":3}},{"start":{},"end":{}}]},"8":{"loc":{"start":{"line":50,"column":6},"end":{"line":50,"column":65}},"type":"binary-expr","locations":[{"start":{"line":50,"column":6},"end":{"line":50,"column":36}},{"start":{"line":50,"column":40},"end":{"line":50,"column":65}}]},"9":{"loc":{"start":{"line":54,"column":4},"end":{"line":56,"column":5}},"type":"if","locations":[{"start":{"line":54,"column":4},"end":{"line":56,"column":5}},{"start":{},"end":{}}]},"10":{"loc":{"start":{"line":54,"column":8},"end":{"line":54,"column":67}},"type":"binary-expr","locations":[{"start":{"line":54,"column":8},"end":{"line":54,"column":28}},{"start":{"line":54,"column":32},"end":{"line":54,"column":67}}]},"11":{"loc":{"start":{"line":60,"column":2},"end":{"line":88,"column":3}},"type":"if","locations":[{"start":{"line":60,"column":2},"end":{"line":88,"column":3}},{"start":{},"end":{}}]},"12":{"loc":{"start":{"line":60,"column":6},"end":{"line":60,"column":65}},"type":"binary-expr","locations":[{"start":{"line":60,"column":6},"end":{"line":60,"column":37}},{"start":{"line":60,"column":41},"end":{"line":60,"column":65}}]},"13":{"loc":{"start":{"line":61,"column":18},"end":{"line":61,"column":53}},"type":"binary-expr","locations":[{"start":{"line":61,"column":18},"end":{"line":61,"column":47}},{"start":{"line":61,"column":51},"end":{"line":61,"column":53}}]},"14":{"loc":{"start":{"line":80,"column":18},"end":{"line":80,"column":74}},"type":"cond-expr","locations":[{"start":{"line":80,"column":30},"end":{"line":80,"column":49}},{"start":{"line":80,"column":52},"end":{"line":80,"column":74}}]},"15":{"loc":{"start":{"line":87,"column":30},"end":{"line":87,"column":51}},"type":"cond-expr","locations":[{"start":{"line":87,"column":42},"end":{"line":87,"column":45}},{"start":{"line":87,"column":48},"end":{"line":87,"column":51}}]},"16":{"loc":{"start":{"line":90,"column":2},"end":{"line":93,"column":3}},"type":"if","locations":[{"start":{"line":90,"column":2},"end":{"line":93,"column":3}},{"start":{},"end":{}}]},"17":{"loc":{"start":{"line":90,"column":6},"end":{"line":90,"column":66}},"type":"binary-expr","locations":[{"start":{"line":90,"column":6},"end":{"line":90,"column":38}},{"start":{"line":90,"column":42},"end":{"line":90,"column":66}}]},"18":{"loc":{"start":{"line":95,"column":2},"end":{"line":99,"column":3}},"type":"if","locations":[{"start":{"line":95,"column":2},"end":{"line":99,"column":3}},{"start":{},"end":{}}]},"19":{"loc":{"start":{"line":95,"column":6},"end":{"line":95,"column":67}},"type":"binary-expr","locations":[{"start":{"line":95,"column":6},"end":{"line":95,"column":38}},{"start":{"line":95,"column":42},"end":{"line":95,"column":67}}]},"20":{"loc":{"start":{"line":101,"column":2},"end":{"line":106,"column":3}},"type":"if","locations":[{"start":{"line":101,"column":2},"end":{"line":106,"column":3}},{"start":{},"end":{}}]},"21":{"loc":{"start":{"line":101,"column":6},"end":{"line":101,"column":75}},"type":"binary-expr","locations":[{"start":{"line":101,"column":6},"end":{"line":101,"column":46}},{"start":{"line":101,"column":50},"end":{"line":101,"column":75}}]},"22":{"loc":{"start":{"line":126,"column":2},"end":{"line":128,"column":3}},"type":"if","locations":[{"start":{"line":126,"column":2},"end":{"line":128,"column":3}},{"start":{},"end":{}}]},"23":{"loc":{"start":{"line":126,"column":6},"end":{"line":126,"column":71}},"type":"binary-expr","locations":[{"start":{"line":126,"column":6},"end":{"line":126,"column":14}},{"start":{"line":126,"column":18},"end":{"line":126,"column":40}},{"start":{"line":126,"column":44},"end":{"line":126,"column":71}}]},"24":{"loc":{"start":{"line":132,"column":2},"end":{"line":134,"column":3}},"type":"if","locations":[{"start":{"line":132,"column":2},"end":{"line":134,"column":3}},{"start":{},"end":{}}]},"25":{"loc":{"start":{"line":137,"column":4},"end":{"line":139,"column":69}},"type":"binary-expr","locations":[{"start":{"line":137,"column":4},"end":{"line":137,"column":29}},{"start":{"line":138,"column":4},"end":{"line":138,"column":34}},{"start":{"line":139,"column":5},"end":{"line":139,"column":32}},{"start":{"line":139,"column":36},"end":{"line":139,"column":68}}]},"26":{"loc":{"start":{"line":146,"column":2},"end":{"line":146,"column":45}},"type":"if","locations":[{"start":{"line":146,"column":2},"end":{"line":146,"column":45}},{"start":{},"end":{}}]},"27":{"loc":{"start":{"line":147,"column":22},"end":{"line":147,"column":64}},"type":"binary-expr","locations":[{"start":{"line":147,"column":22},"end":{"line":147,"column":58}},{"start":{"line":147,"column":62},"end":{"line":147,"column":64}}]},"28":{"loc":{"start":{"line":148,"column":2},"end":{"line":148,"column":65}},"type":"if","locations":[{"start":{"line":148,"column":2},"end":{"line":148,"column":65}},{"start":{},"end":{}}]},"29":{"loc":{"start":{"line":151,"column":2},"end":{"line":153,"column":3}},"type":"if","locations":[{"start":{"line":151,"column":2},"end":{"line":153,"column":3}},{"start":{},"end":{}}]},"30":{"loc":{"start":{"line":155,"column":16},"end":{"line":155,"column":90}},"type":"binary-expr","locations":[{"start":{"line":155,"column":16},"end":{"line":155,"column":42}},{"start":{"line":155,"column":46},"end":{"line":155,"column":90}}]},"31":{"loc":{"start":{"line":160,"column":2},"end":{"line":171,"column":3}},"type":"switch","locations":[{"start":{"line":161,"column":4},"end":{"line":162,"column":24}},{"start":{"line":163,"column":4},"end":{"line":164,"column":24}},{"start":{"line":165,"column":4},"end":{"line":166,"column":24}},{"start":{"line":167,"column":4},"end":{"line":168,"column":24}},{"start":{"line":169,"column":4},"end":{"line":170,"column":24}}]},"32":{"loc":{"start":{"line":180,"column":2},"end":{"line":238,"column":3}},"type":"if","locations":[{"start":{"line":180,"column":2},"end":{"line":238,"column":3}},{"start":{},"end":{}}]},"33":{"loc":{"start":{"line":180,"column":6},"end":{"line":180,"column":61}},"type":"binary-expr","locations":[{"start":{"line":180,"column":6},"end":{"line":180,"column":33}},{"start":{"line":180,"column":37},"end":{"line":180,"column":61}}]},"34":{"loc":{"start":{"line":185,"column":6},"end":{"line":192,"column":7}},"type":"if","locations":[{"start":{"line":185,"column":6},"end":{"line":192,"column":7}},{"start":{},"end":{}}]},"35":{"loc":{"start":{"line":189,"column":8},"end":{"line":191,"column":9}},"type":"if","locations":[{"start":{"line":189,"column":8},"end":{"line":191,"column":9}},{"start":{},"end":{}}]},"36":{"loc":{"start":{"line":189,"column":13},"end":{"line":189,"column":34}},"type":"binary-expr","locations":[{"start":{"line":189,"column":13},"end":{"line":189,"column":29}},{"start":{"line":189,"column":33},"end":{"line":189,"column":34}}]},"37":{"loc":{"start":{"line":212,"column":21},"end":{"line":212,"column":42}},"type":"binary-expr","locations":[{"start":{"line":212,"column":21},"end":{"line":212,"column":36}},{"start":{"line":212,"column":40},"end":{"line":212,"column":42}}]},"38":{"loc":{"start":{"line":213,"column":17},"end":{"line":213,"column":33}},"type":"binary-expr","locations":[{"start":{"line":213,"column":17},"end":{"line":213,"column":27}},{"start":{"line":213,"column":31},"end":{"line":213,"column":33}}]},"39":{"loc":{"start":{"line":214,"column":17},"end":{"line":214,"column":44}},"type":"binary-expr","locations":[{"start":{"line":214,"column":17},"end":{"line":214,"column":38}},{"start":{"line":214,"column":42},"end":{"line":214,"column":44}}]},"40":{"loc":{"start":{"line":215,"column":19},"end":{"line":215,"column":45}},"type":"binary-expr","locations":[{"start":{"line":215,"column":19},"end":{"line":215,"column":31}},{"start":{"line":215,"column":35},"end":{"line":215,"column":45}}]},"41":{"loc":{"start":{"line":218,"column":21},"end":{"line":218,"column":37}},"type":"binary-expr","locations":[{"start":{"line":218,"column":21},"end":{"line":218,"column":28}},{"start":{"line":218,"column":32},"end":{"line":218,"column":37}}]},"42":{"loc":{"start":{"line":220,"column":10},"end":{"line":226,"column":22}},"type":"cond-expr","locations":[{"start":{"line":221,"column":14},"end":{"line":221,"column":17}},{"start":{"line":222,"column":14},"end":{"line":226,"column":22}}]},"43":{"loc":{"start":{"line":222,"column":14},"end":{"line":226,"column":22}},"type":"cond-expr","locations":[{"start":{"line":223,"column":16},"end":{"line":223,"column":20}},{"start":{"line":224,"column":16},"end":{"line":226,"column":22}}]},"44":{"loc":{"start":{"line":224,"column":16},"end":{"line":226,"column":22}},"type":"cond-expr","locations":[{"start":{"line":225,"column":18},"end":{"line":225,"column":21}},{"start":{"line":226,"column":18},"end":{"line":226,"column":22}}]},"45":{"loc":{"start":{"line":228,"column":17},"end":{"line":228,"column":49}},"type":"binary-expr","locations":[{"start":{"line":228,"column":17},"end":{"line":228,"column":36}},{"start":{"line":228,"column":40},"end":{"line":228,"column":49}}]},"46":{"loc":{"start":{"line":241,"column":2},"end":{"line":280,"column":3}},"type":"if","locations":[{"start":{"line":241,"column":2},"end":{"line":280,"column":3}},{"start":{},"end":{}}]},"47":{"loc":{"start":{"line":241,"column":6},"end":{"line":241,"column":62}},"type":"binary-expr","locations":[{"start":{"line":241,"column":6},"end":{"line":241,"column":33}},{"start":{"line":241,"column":37},"end":{"line":241,"column":62}}]},"48":{"loc":{"start":{"line":245,"column":4},"end":{"line":247,"column":5}},"type":"if","locations":[{"start":{"line":245,"column":4},"end":{"line":247,"column":5}},{"start":{},"end":{}}]},"49":{"loc":{"start":{"line":245,"column":8},"end":{"line":245,"column":31}},"type":"binary-expr","locations":[{"start":{"line":245,"column":8},"end":{"line":245,"column":15}},{"start":{"line":245,"column":19},"end":{"line":245,"column":31}}]},"50":{"loc":{"start":{"line":266,"column":29},"end":{"line":266,"column":85}},"type":"cond-expr","locations":[{"start":{"line":266,"column":61},"end":{"line":266,"column":81}},{"start":{"line":266,"column":84},"end":{"line":266,"column":85}}]},"51":{"loc":{"start":{"line":266,"column":30},"end":{"line":266,"column":53}},"type":"binary-expr","locations":[{"start":{"line":266,"column":30},"end":{"line":266,"column":48}},{"start":{"line":266,"column":52},"end":{"line":266,"column":53}}]},"52":{"loc":{"start":{"line":284,"column":2},"end":{"line":375,"column":3}},"type":"if","locations":[{"start":{"line":284,"column":2},"end":{"line":375,"column":3}},{"start":{},"end":{}}]},"53":{"loc":{"start":{"line":287,"column":4},"end":{"line":315,"column":5}},"type":"if","locations":[{"start":{"line":287,"column":4},"end":{"line":315,"column":5}},{"start":{},"end":{}}]},"54":{"loc":{"start":{"line":290,"column":8},"end":{"line":292,"column":9}},"type":"if","locations":[{"start":{"line":290,"column":8},"end":{"line":292,"column":9}},{"start":{},"end":{}}]},"55":{"loc":{"start":{"line":298,"column":8},"end":{"line":308,"column":9}},"type":"if","locations":[{"start":{"line":298,"column":8},"end":{"line":308,"column":9}},{"start":{},"end":{}}]},"56":{"loc":{"start":{"line":302,"column":10},"end":{"line":307,"column":11}},"type":"if","locations":[{"start":{"line":302,"column":10},"end":{"line":307,"column":11}},{"start":{},"end":{}}]},"57":{"loc":{"start":{"line":302,"column":15},"end":{"line":302,"column":36}},"type":"binary-expr","locations":[{"start":{"line":302,"column":15},"end":{"line":302,"column":31}},{"start":{"line":302,"column":35},"end":{"line":302,"column":36}}]},"58":{"loc":{"start":{"line":304,"column":12},"end":{"line":306,"column":13}},"type":"if","locations":[{"start":{"line":304,"column":12},"end":{"line":306,"column":13}},{"start":{},"end":{}}]},"59":{"loc":{"start":{"line":317,"column":4},"end":{"line":364,"column":5}},"type":"if","locations":[{"start":{"line":317,"column":4},"end":{"line":364,"column":5}},{"start":{},"end":{}}]},"60":{"loc":{"start":{"line":325,"column":8},"end":{"line":328,"column":9}},"type":"if","locations":[{"start":{"line":325,"column":8},"end":{"line":328,"column":9}},{"start":{},"end":{}}]},"61":{"loc":{"start":{"line":329,"column":8},"end":{"line":332,"column":9}},"type":"if","locations":[{"start":{"line":329,"column":8},"end":{"line":332,"column":9}},{"start":{},"end":{}}]},"62":{"loc":{"start":{"line":334,"column":8},"end":{"line":348,"column":9}},"type":"if","locations":[{"start":{"line":334,"column":8},"end":{"line":348,"column":9}},{"start":{},"end":{}}]},"63":{"loc":{"start":{"line":335,"column":10},"end":{"line":347,"column":11}},"type":"if","locations":[{"start":{"line":335,"column":10},"end":{"line":347,"column":11}},{"start":{"line":337,"column":17},"end":{"line":347,"column":11}}]},"64":{"loc":{"start":{"line":335,"column":14},"end":{"line":335,"column":48}},"type":"binary-expr","locations":[{"start":{"line":335,"column":14},"end":{"line":335,"column":30}},{"start":{"line":335,"column":34},"end":{"line":335,"column":48}}]},"65":{"loc":{"start":{"line":343,"column":12},"end":{"line":346,"column":13}},"type":"if","locations":[{"start":{"line":343,"column":12},"end":{"line":346,"column":13}},{"start":{},"end":{}}]},"66":{"loc":{"start":{"line":343,"column":17},"end":{"line":343,"column":38}},"type":"binary-expr","locations":[{"start":{"line":343,"column":17},"end":{"line":343,"column":33}},{"start":{"line":343,"column":37},"end":{"line":343,"column":38}}]},"67":{"loc":{"start":{"line":350,"column":8},"end":{"line":357,"column":9}},"type":"if","locations":[{"start":{"line":350,"column":8},"end":{"line":357,"column":9}},{"start":{},"end":{}}]},"68":{"loc":{"start":{"line":366,"column":4},"end":{"line":374,"column":5}},"type":"if","locations":[{"start":{"line":366,"column":4},"end":{"line":374,"column":5}},{"start":{},"end":{}}]},"69":{"loc":{"start":{"line":384,"column":6},"end":{"line":384,"column":50}},"type":"if","locations":[{"start":{"line":384,"column":6},"end":{"line":384,"column":50}},{"start":{},"end":{}}]},"70":{"loc":{"start":{"line":387,"column":6},"end":{"line":389,"column":7}},"type":"if","locations":[{"start":{"line":387,"column":6},"end":{"line":389,"column":7}},{"start":{},"end":{}}]}},"s":{"0":6,"1":6,"2":6,"3":6,"4":6,"5":6,"6":0,"7":0,"8":0,"9":0,"10":0,"11":31,"12":2,"13":10,"14":10,"15":10,"16":10,"17":10,"18":2,"19":0,"20":2,"21":2,"22":8,"23":1,"24":0,"25":1,"26":1,"27":1,"28":1,"29":1,"30":7,"31":2,"32":2,"33":2,"34":2,"35":5,"36":3,"37":3,"38":2,"39":1,"40":0,"41":1,"42":1,"43":1,"44":1,"45":0,"46":0,"47":0,"48":0,"49":0,"50":0,"51":0,"52":0,"53":0,"54":0,"55":0,"56":0,"57":0,"58":0,"59":0,"60":0,"61":0,"62":0,"63":0,"64":0,"65":0,"66":0,"67":0,"68":3,"69":0,"70":0,"71":3,"72":0,"73":0,"74":33,"75":33,"76":33,"77":33,"78":5,"79":5,"80":5,"81":5,"82":2,"83":2,"84":1,"85":5,"86":4,"87":28,"88":4,"89":1,"90":1,"91":28,"92":4,"93":0,"94":4,"95":4,"96":1,"97":3,"98":3,"99":3,"100":3,"101":3,"102":2,"103":2,"104":1,"105":1,"106":3,"107":3,"108":3,"109":2,"110":2,"111":2,"112":1,"113":1,"114":24,"115":24,"116":14,"117":14,"118":6,"119":6,"120":5,"121":2,"122":3,"123":3,"124":3,"125":1,"126":1,"127":1,"128":1,"129":1,"130":2,"131":1,"132":1,"133":8,"134":5,"135":5,"136":0,"137":5,"138":5,"139":5,"140":5,"141":5,"142":3,"143":3,"144":5,"145":1,"146":1,"147":5,"148":2,"149":1,"150":1,"151":1,"152":1,"153":1,"154":5,"155":5,"156":5,"157":4,"158":1,"159":1,"160":3,"161":3,"162":3,"163":2,"164":1,"165":1,"166":10,"167":6,"168":33,"169":33,"170":33,"171":23,"172":10,"173":10,"174":10,"175":0,"176":0,"177":0,"178":0,"179":0},"f":{"0":0,"1":0,"2":0,"3":31,"4":2,"5":10,"6":0,"7":0,"8":0,"9":0,"10":0,"11":0,"12":0,"13":3,"14":33,"15":28,"16":0,"17":0,"18":33},"b":{"0":[0,0],"1":[0,0],"2":[1],"3":[30],"4":[0],"5":[2,8],"6":[10,2],"7":[1,7],"8":[8,1],"9":[1,0],"10":[1,1],"11":[2,5],"12":[7,2],"13":[2,0],"14":[1,1],"15":[1,1],"16":[3,2],"17":[5,4],"18":[1,1],"19":[2,1],"20":[1,0],"21":[1,1],"22":[0,0],"23":[0,0,0],"24":[0,0],"25":[0,0,0,0],"26":[0,0],"27":[0,0],"28":[0,0],"29":[0,0],"30":[0,0],"31":[0,0,3,0,0],"32":[5,28],"33":[33,9],"34":[2,3],"35":[1,1],"36":[2,0],"37":[28,0],"38":[28,1],"39":[28,0],"40":[28,0],"41":[28,20],"42":[2,26],"43":[11,15],"44":[8,7],"45":[28,7],"46":[4,24],"47":[28,4],"48":[1,3],"49":[4,3],"50":[2,0],"51":[2,0],"52":[14,10],"53":[6,8],"54":[2,3],"55":[1,2],"56":[1,0],"57":[1,0],"58":[1,0],"59":[5,3],"60":[3,2],"61":[1,4],"62":[2,3],"63":[1,1],"64":[2,1],"65":[1,0],"66":[1,0],"67":[5,0],"68":[3,0],"69":[23,10],"70":[10,0]}}
,"C:\\VSC PROJECT\\SmartTicket\\src\\lib\\auth.ts": {"path":"C:\\VSC PROJECT\\SmartTicket\\src\\lib\\auth.ts","statementMap":{"0":{"start":{"line":45,"column":0},"end":{"line":45,"column":16}},"1":{"start":{"line":85,"column":0},"end":{"line":85,"column":7}},"2":{"start":{"line":140,"column":0},"end":{"line":140,"column":7}},"3":{"start":{"line":169,"column":0},"end":{"line":169,"column":7}},"4":{"start":{"line":235,"column":0},"end":{"line":235,"column":7}},"5":{"start":{"line":281,"column":0},"end":{"line":281,"column":7}},"6":{"start":{"line":1,"column":0},"end":{"line":1,"column":30}},"7":{"start":{"line":2,"column":0},"end":{"line":2,"column":31}},"8":{"start":{"line":3,"column":0},"end":{"line":3,"column":51}},"9":{"start":{"line":4,"column":0},"end":{"line":4,"column":58}},"10":{"start":{"line":10,"column":31},"end":{"line":10,"column":38}},"11":{"start":{"line":11,"column":21},"end":{"line":11,"column":22}},"12":{"start":{"line":14,"column":2},"end":{"line":20,"column":4}},"13":{"start":{"line":24,"column":17},"end":{"line":24,"column":87}},"14":{"start":{"line":25,"column":2},"end":{"line":25,"column":44}},"15":{"start":{"line":29,"column":17},"end":{"line":29,"column":44}},"16":{"start":{"line":30,"column":2},"end":{"line":30,"column":99}},"17":{"start":{"line":34,"column":24},"end":{"line":34,"column":66}},"18":{"start":{"line":35,"column":22},"end":{"line":35,"column":74}},"19":{"start":{"line":36,"column":2},"end":{"line":38,"column":3}},"20":{"start":{"line":37,"column":4},"end":{"line":37,"column":23}},"21":{"start":{"line":40,"column":23},"end":{"line":40,"column":58}},"22":{"start":{"line":41,"column":22},"end":{"line":41,"column":81}},"23":{"start":{"line":42,"column":2},"end":{"line":42,"column":42}},"24":{"start":{"line":46,"column":16},"end":{"line":46,"column":40}},"25":{"start":{"line":47,"column":2},"end":{"line":47,"column":26}},"26":{"start":{"line":47,"column":14},"end":{"line":47,"column":26}},"27":{"start":{"line":49,"column":2},"end":{"line":57,"column":3}},"28":{"start":{"line":50,"column":20},"end":{"line":50,"column":null}},"29":{"start":{"line":54,"column":4},"end":{"line":54,"column":53}},"30":{"start":{"line":56,"column":4},"end":{"line":56,"column":16}},"31":{"start":{"line":61,"column":25},"end":{"line":61,"column":72}},"32":{"start":{"line":62,"column":15},"end":{"line":62,"column":38}},"33":{"start":{"line":64,"column":19},"end":{"line":67,"column":null}},"34":{"start":{"line":70,"column":2},"end":{"line":73,"column":3}},"35":{"start":{"line":71,"column":19},"end":{"line":71,"column":67}},"36":{"start":{"line":72,"column":4},"end":{"line":72,"column":64}},"37":{"start":{"line":75,"column":19},"end":{"line":78,"column":null}},"38":{"start":{"line":81,"column":17},"end":{"line":81,"column":65}},"39":{"start":{"line":82,"column":2},"end":{"line":82,"column":61}},"40":{"start":{"line":90,"column":2},"end":{"line":90,"column":36}},"41":{"start":{"line":92,"column":26},"end":{"line":92,"column":60}},"42":{"start":{"line":93,"column":17},"end":{"line":95,"column":4}},"43":{"start":{"line":96,"column":2},"end":{"line":98,"column":3}},"44":{"start":{"line":97,"column":4},"end":{"line":97,"column":86}},"45":{"start":{"line":100,"column":23},"end":{"line":100,"column":62}},"46":{"start":{"line":101,"column":16},"end":{"line":101,"column":35}},"47":{"start":{"line":102,"column":20},"end":{"line":102,"column":91}},"48":{"start":{"line":103,"column":22},"end":{"line":103,"column":74}},"49":{"start":{"line":104,"column":23},"end":{"line":104,"column":80}},"50":{"start":{"line":105,"column":15},"end":{"line":105,"column":93}},"51":{"start":{"line":107,"column":2},"end":{"line":121,"column":4}},"52":{"start":{"line":123,"column":2},"end":{"line":128,"column":4}},"53":{"start":{"line":130,"column":2},"end":{"line":137,"column":4}},"54":{"start":{"line":141,"column":2},"end":{"line":141,"column":36}},"55":{"start":{"line":143,"column":17},"end":{"line":146,"column":null}},"56":{"start":{"line":149,"column":2},"end":{"line":151,"column":3}},"57":{"start":{"line":150,"column":4},"end":{"line":150,"column":80}},"58":{"start":{"line":153,"column":17},"end":{"line":153,"column":92}},"59":{"start":{"line":154,"column":20},"end":{"line":154,"column":63}},"60":{"start":{"line":156,"column":2},"end":{"line":158,"column":3}},"61":{"start":{"line":157,"column":4},"end":{"line":157,"column":74}},"62":{"start":{"line":160,"column":2},"end":{"line":164,"column":4}},"63":{"start":{"line":166,"column":2},"end":{"line":166,"column":93}},"64":{"start":{"line":170,"column":2},"end":{"line":170,"column":36}},"65":{"start":{"line":172,"column":26},"end":{"line":172,"column":60}},"66":{"start":{"line":173,"column":17},"end":{"line":179,"column":null}},"67":{"start":{"line":182,"column":2},"end":{"line":184,"column":3}},"68":{"start":{"line":183,"column":4},"end":{"line":183,"column":82}},"69":{"start":{"line":186,"column":15},"end":{"line":186,"column":null}},"70":{"start":{"line":196,"column":26},"end":{"line":196,"column":84}},"71":{"start":{"line":198,"column":2},"end":{"line":200,"column":3}},"72":{"start":{"line":199,"column":4},"end":{"line":199,"column":82}},"73":{"start":{"line":202,"column":2},"end":{"line":210,"column":3}},"74":{"start":{"line":203,"column":4},"end":{"line":209,"column":6}},"75":{"start":{"line":212,"column":16},"end":{"line":214,"column":4}},"76":{"start":{"line":216,"column":2},"end":{"line":232,"column":4}},"77":{"start":{"line":236,"column":2},"end":{"line":236,"column":36}},"78":{"start":{"line":238,"column":15},"end":{"line":238,"column":49}},"79":{"start":{"line":239,"column":2},"end":{"line":241,"column":3}},"80":{"start":{"line":240,"column":4},"end":{"line":240,"column":67}},"81":{"start":{"line":243,"column":17},"end":{"line":249,"column":null}},"82":{"start":{"line":252,"column":2},"end":{"line":254,"column":3}},"83":{"start":{"line":253,"column":4},"end":{"line":253,"column":87}},"84":{"start":{"line":256,"column":17},"end":{"line":256,"column":null}},"85":{"start":{"line":265,"column":2},"end":{"line":278,"column":4}},"86":{"start":{"line":286,"column":2},"end":{"line":286,"column":36}},"87":{"start":{"line":288,"column":15},"end":{"line":288,"column":49}},"88":{"start":{"line":289,"column":2},"end":{"line":291,"column":3}},"89":{"start":{"line":290,"column":4},"end":{"line":290,"column":67}},"90":{"start":{"line":293,"column":20},"end":{"line":293,"column":70}},"91":{"start":{"line":294,"column":23},"end":{"line":294,"column":55}},"92":{"start":{"line":295,"column":22},"end":{"line":295,"column":53}},"93":{"start":{"line":297,"column":2},"end":{"line":307,"column":3}},"94":{"start":{"line":298,"column":22},"end":{"line":301,"column":null}},"95":{"start":{"line":304,"column":4},"end":{"line":306,"column":5}},"96":{"start":{"line":305,"column":6},"end":{"line":305,"column":95}},"97":{"start":{"line":309,"column":2},"end":{"line":313,"column":4}},"98":{"start":{"line":315,"column":2},"end":{"line":326,"column":4}}},"fnMap":{"0":{"name":"slugify","decl":{"start":{"line":13,"column":9},"end":{"line":13,"column":16}},"loc":{"start":{"line":13,"column":30},"end":{"line":21,"column":1}}},"1":{"name":"getJwtSecret","decl":{"start":{"line":23,"column":9},"end":{"line":23,"column":21}},"loc":{"start":{"line":23,"column":35},"end":{"line":26,"column":1}}},"2":{"name":"createSessionCookie","decl":{"start":{"line":28,"column":9},"end":{"line":28,"column":28}},"loc":{"start":{"line":28,"column":42},"end":{"line":31,"column":1}}},"3":{"name":"getSessionToken","decl":{"start":{"line":33,"column":9},"end":{"line":33,"column":24}},"loc":{"start":{"line":33,"column":41},"end":{"line":43,"column":1}}},"4":{"name":"getAuthenticatedUser","decl":{"start":{"line":45,"column":16},"end":{"line":45,"column":36}},"loc":{"start":{"line":45,"column":68},"end":{"line":58,"column":1}}},"5":{"name":"getOrCreateOrganization","decl":{"start":{"line":60,"column":15},"end":{"line":60,"column":38}},"loc":{"start":{"line":60,"column":71},"end":{"line":83,"column":1}}},"6":{"name":"registerUser","decl":{"start":{"line":85,"column":22},"end":{"line":85,"column":34}},"loc":{"start":{"line":88,"column":17},"end":{"line":138,"column":1}}},"7":{"name":"verifyUser","decl":{"start":{"line":140,"column":22},"end":{"line":140,"column":32}},"loc":{"start":{"line":140,"column":61},"end":{"line":167,"column":1}}},"8":{"name":"loginUser","decl":{"start":{"line":169,"column":22},"end":{"line":169,"column":31}},"loc":{"start":{"line":169,"column":91},"end":{"line":233,"column":1}}},"9":{"name":"getProfile","decl":{"start":{"line":235,"column":22},"end":{"line":235,"column":32}},"loc":{"start":{"line":235,"column":64},"end":{"line":279,"column":1}}},"10":{"name":"updateProfile","decl":{"start":{"line":281,"column":22},"end":{"line":281,"column":35}},"loc":{"start":{"line":284,"column":15},"end":{"line":327,"column":1}}}},"branchMap":{"0":{"loc":{"start":{"line":15,"column":4},"end":{"line":19,"column":48}},"type":"binary-expr","locations":[{"start":{"line":15,"column":4},"end":{"line":19,"column":30}},{"start":{"line":19,"column":34},"end":{"line":19,"column":48}}]},"1":{"loc":{"start":{"line":24,"column":17},"end":{"line":24,"column":87}},"type":"binary-expr","locations":[{"start":{"line":24,"column":17},"end":{"line":24,"column":32}},{"start":{"line":24,"column":36},"end":{"line":24,"column":59}},{"start":{"line":24,"column":63},"end":{"line":24,"column":87}}]},"2":{"loc":{"start":{"line":25,"column":9},"end":{"line":25,"column":43}},"type":"binary-expr","locations":[{"start":{"line":25,"column":9},"end":{"line":25,"column":15}},{"start":{"line":25,"column":19},"end":{"line":25,"column":43}}]},"3":{"loc":{"start":{"line":34,"column":24},"end":{"line":34,"column":66}},"type":"binary-expr","locations":[{"start":{"line":34,"column":24},"end":{"line":34,"column":60}},{"start":{"line":34,"column":64},"end":{"line":34,"column":66}}]},"4":{"loc":{"start":{"line":36,"column":2},"end":{"line":38,"column":3}},"type":"if","locations":[{"start":{"line":36,"column":2},"end":{"line":38,"column":3}},{"start":{},"end":{}}]},"5":{"loc":{"start":{"line":40,"column":23},"end":{"line":40,"column":58}},"type":"binary-expr","locations":[{"start":{"line":40,"column":23},"end":{"line":40,"column":52}},{"start":{"line":40,"column":56},"end":{"line":40,"column":58}}]},"6":{"loc":{"start":{"line":42,"column":9},"end":{"line":42,"column":41}},"type":"binary-expr","locations":[{"start":{"line":42,"column":9},"end":{"line":42,"column":33}},{"start":{"line":42,"column":37},"end":{"line":42,"column":41}}]},"7":{"loc":{"start":{"line":47,"column":2},"end":{"line":47,"column":26}},"type":"if","locations":[{"start":{"line":47,"column":2},"end":{"line":47,"column":26}},{"start":{},"end":{}}]},"8":{"loc":{"start":{"line":61,"column":25},"end":{"line":61,"column":72}},"type":"binary-expr","locations":[{"start":{"line":61,"column":25},"end":{"line":61,"column":43}},{"start":{"line":61,"column":47},"end":{"line":61,"column":72}}]},"9":{"loc":{"start":{"line":70,"column":2},"end":{"line":73,"column":3}},"type":"if","locations":[{"start":{"line":70,"column":2},"end":{"line":73,"column":3}},{"start":{},"end":{}}]},"10":{"loc":{"start":{"line":70,"column":7},"end":{"line":70,"column":29}},"type":"binary-expr","locations":[{"start":{"line":70,"column":7},"end":{"line":70,"column":24}},{"start":{"line":70,"column":28},"end":{"line":70,"column":29}}]},"11":{"loc":{"start":{"line":96,"column":2},"end":{"line":98,"column":3}},"type":"if","locations":[{"start":{"line":96,"column":2},"end":{"line":98,"column":3}},{"start":{},"end":{}}]},"12":{"loc":{"start":{"line":96,"column":7},"end":{"line":96,"column":27}},"type":"binary-expr","locations":[{"start":{"line":96,"column":7},"end":{"line":96,"column":22}},{"start":{"line":96,"column":26},"end":{"line":96,"column":27}}]},"13":{"loc":{"start":{"line":103,"column":22},"end":{"line":103,"column":74}},"type":"binary-expr","locations":[{"start":{"line":103,"column":22},"end":{"line":103,"column":45}},{"start":{"line":103,"column":49},"end":{"line":103,"column":74}}]},"14":{"loc":{"start":{"line":105,"column":15},"end":{"line":105,"column":93}},"type":"cond-expr","locations":[{"start":{"line":105,"column":38},"end":{"line":105,"column":45}},{"start":{"line":105,"column":48},"end":{"line":105,"column":93}}]},"15":{"loc":{"start":{"line":105,"column":48},"end":{"line":105,"column":93}},"type":"cond-expr","locations":[{"start":{"line":105,"column":75},"end":{"line":105,"column":82}},{"start":{"line":105,"column":85},"end":{"line":105,"column":93}}]},"16":{"loc":{"start":{"line":114,"column":6},"end":{"line":114,"column":30}},"type":"binary-expr","locations":[{"start":{"line":114,"column":6},"end":{"line":114,"column":22}},{"start":{"line":114,"column":26},"end":{"line":114,"column":30}}]},"17":{"loc":{"start":{"line":126,"column":4},"end":{"line":126,"column":37}},"type":"binary-expr","locations":[{"start":{"line":126,"column":4},"end":{"line":126,"column":10}},{"start":{"line":126,"column":14},"end":{"line":126,"column":37}}]},"18":{"loc":{"start":{"line":149,"column":2},"end":{"line":151,"column":3}},"type":"if","locations":[{"start":{"line":149,"column":2},"end":{"line":151,"column":3}},{"start":{},"end":{}}]},"19":{"loc":{"start":{"line":156,"column":2},"end":{"line":158,"column":3}},"type":"if","locations":[{"start":{"line":156,"column":2},"end":{"line":158,"column":3}},{"start":{},"end":{}}]},"20":{"loc":{"start":{"line":182,"column":2},"end":{"line":184,"column":3}},"type":"if","locations":[{"start":{"line":182,"column":2},"end":{"line":184,"column":3}},{"start":{},"end":{}}]},"21":{"loc":{"start":{"line":198,"column":2},"end":{"line":200,"column":3}},"type":"if","locations":[{"start":{"line":198,"column":2},"end":{"line":200,"column":3}},{"start":{},"end":{}}]},"22":{"loc":{"start":{"line":202,"column":2},"end":{"line":210,"column":3}},"type":"if","locations":[{"start":{"line":202,"column":2},"end":{"line":210,"column":3}},{"start":{},"end":{}}]},"23":{"loc":{"start":{"line":239,"column":2},"end":{"line":241,"column":3}},"type":"if","locations":[{"start":{"line":239,"column":2},"end":{"line":241,"column":3}},{"start":{},"end":{}}]},"24":{"loc":{"start":{"line":252,"column":2},"end":{"line":254,"column":3}},"type":"if","locations":[{"start":{"line":252,"column":2},"end":{"line":254,"column":3}},{"start":{},"end":{}}]},"25":{"loc":{"start":{"line":289,"column":2},"end":{"line":291,"column":3}},"type":"if","locations":[{"start":{"line":289,"column":2},"end":{"line":291,"column":3}},{"start":{},"end":{}}]},"26":{"loc":{"start":{"line":293,"column":21},"end":{"line":293,"column":48}},"type":"binary-expr","locations":[{"start":{"line":293,"column":21},"end":{"line":293,"column":34}},{"start":{"line":293,"column":38},"end":{"line":293,"column":48}}]},"27":{"loc":{"start":{"line":294,"column":23},"end":{"line":294,"column":55}},"type":"binary-expr","locations":[{"start":{"line":294,"column":23},"end":{"line":294,"column":47}},{"start":{"line":294,"column":51},"end":{"line":294,"column":55}}]},"28":{"loc":{"start":{"line":295,"column":22},"end":{"line":295,"column":53}},"type":"binary-expr","locations":[{"start":{"line":295,"column":22},"end":{"line":295,"column":45}},{"start":{"line":295,"column":49},"end":{"line":295,"column":53}}]},"29":{"loc":{"start":{"line":297,"column":2},"end":{"line":307,"column":3}},"type":"if","locations":[{"start":{"line":297,"column":2},"end":{"line":307,"column":3}},{"start":{},"end":{}}]},"30":{"loc":{"start":{"line":304,"column":4},"end":{"line":306,"column":5}},"type":"if","locations":[{"start":{"line":304,"column":4},"end":{"line":306,"column":5}},{"start":{},"end":{}}]},"31":{"loc":{"start":{"line":304,"column":9},"end":{"line":304,"column":32}},"type":"binary-expr","locations":[{"start":{"line":304,"column":9},"end":{"line":304,"column":27}},{"start":{"line":304,"column":31},"end":{"line":304,"column":32}}]}},"s":{"0":7,"1":7,"2":7,"3":7,"4":7,"5":7,"6":7,"7":7,"8":7,"9":7,"10":7,"11":7,"12":2,"13":14,"14":14,"15":2,"16":2,"17":22,"18":22,"19":22,"20":3,"21":19,"22":19,"23":19,"24":22,"25":22,"26":10,"27":12,"28":12,"29":10,"30":2,"31":2,"32":2,"33":2,"34":2,"35":2,"36":2,"37":0,"38":0,"39":0,"40":4,"41":4,"42":4,"43":4,"44":2,"45":2,"46":2,"47":2,"48":2,"49":2,"50":2,"51":2,"52":2,"53":2,"54":5,"55":5,"56":5,"57":2,"58":3,"59":3,"60":3,"61":1,"62":2,"63":2,"64":5,"65":5,"66":5,"67":5,"68":1,"69":4,"70":4,"71":4,"72":1,"73":3,"74":1,"75":2,"76":2,"77":6,"78":6,"79":6,"80":3,"81":3,"82":3,"83":1,"84":2,"85":2,"86":4,"87":4,"88":4,"89":1,"90":3,"91":3,"92":3,"93":3,"94":1,"95":1,"96":1,"97":2,"98":2},"f":{"0":2,"1":14,"2":2,"3":22,"4":22,"5":2,"6":4,"7":5,"8":5,"9":6,"10":4},"b":{"0":[2,0],"1":[14,14,7],"2":[14,0],"3":[22,18],"4":[3,19],"5":[19,10],"6":[19,10],"7":[10,12],"8":[2,0],"9":[2,0],"10":[2,0],"11":[2,2],"12":[4,0],"13":[2,0],"14":[0,2],"15":[0,2],"16":[2,1],"17":[2,1],"18":[2,3],"19":[1,2],"20":[1,4],"21":[1,3],"22":[1,2],"23":[3,3],"24":[1,2],"25":[1,3],"26":[3,1],"27":[3,1],"28":[3,3],"29":[1,2],"30":[1,0],"31":[1,0]}}
,"C:\\VSC PROJECT\\SmartTicket\\src\\lib\\db.ts": {"path":"C:\\VSC PROJECT\\SmartTicket\\src\\lib\\db.ts","statementMap":{"0":{"start":{"line":48,"column":0},"end":{"line":48,"column":7}},"1":{"start":{"line":62,"column":0},"end":{"line":62,"column":7}},"2":{"start":{"line":415,"column":0},"end":{"line":415,"column":7}},"3":{"start":{"line":1,"column":0},"end":{"line":1,"column":23}},"4":{"start":{"line":2,"column":0},"end":{"line":2,"column":30}},"5":{"start":{"line":3,"column":0},"end":{"line":3,"column":42}},"6":{"start":{"line":10,"column":24},"end":{"line":10,"column":29}},"7":{"start":{"line":13,"column":2},"end":{"line":15,"column":3}},"8":{"start":{"line":14,"column":4},"end":{"line":14,"column":28}},"9":{"start":{"line":17,"column":2},"end":{"line":19,"column":3}},"10":{"start":{"line":18,"column":4},"end":{"line":18,"column":36}},"11":{"start":{"line":21,"column":2},"end":{"line":23,"column":4}},"12":{"start":{"line":27,"column":2},"end":{"line":44,"column":3}},"13":{"start":{"line":28,"column":24},"end":{"line":28,"column":43}},"14":{"start":{"line":29,"column":22},"end":{"line":29,"column":42}},"15":{"start":{"line":31,"column":4},"end":{"line":43,"column":7}},"16":{"start":{"line":45,"column":2},"end":{"line":45,"column":14}},"17":{"start":{"line":53,"column":17},"end":{"line":53,"column":45}},"18":{"start":{"line":54,"column":2},"end":{"line":58,"column":3}},"19":{"start":{"line":55,"column":4},"end":{"line":55,"column":47}},"20":{"start":{"line":57,"column":4},"end":{"line":57,"column":21}},"21":{"start":{"line":63,"column":2},"end":{"line":67,"column":3}},"22":{"start":{"line":64,"column":4},"end":{"line":64,"column":21}},"23":{"start":{"line":65,"column":4},"end":{"line":65,"column":21}},"24":{"start":{"line":66,"column":4},"end":{"line":66,"column":30}},"25":{"start":{"line":71,"column":2},"end":{"line":81,"column":4}},"26":{"start":{"line":83,"column":2},"end":{"line":100,"column":4}},"27":{"start":{"line":102,"column":2},"end":{"line":120,"column":4}},"28":{"start":{"line":124,"column":29},"end":{"line":127,"column":null}},"29":{"start":{"line":129,"column":23},"end":{"line":129,"column":75}},"30":{"start":{"line":131,"column":2},"end":{"line":138,"column":3}},"31":{"start":{"line":132,"column":32},"end":{"line":135,"column":null}},"32":{"start":{"line":137,"column":4},"end":{"line":137,"column":62}},"33":{"start":{"line":140,"column":20},"end":{"line":144,"column":4}},"34":{"start":{"line":146,"column":18},"end":{"line":146,"column":43}},"35":{"start":{"line":148,"column":2},"end":{"line":192,"column":3}},"36":{"start":{"line":149,"column":25},"end":{"line":151,"column":6}},"37":{"start":{"line":152,"column":25},"end":{"line":152,"column":65}},"38":{"start":{"line":154,"column":4},"end":{"line":191,"column":5}},"39":{"start":{"line":155,"column":21},"end":{"line":155,"column":54}},"40":{"start":{"line":156,"column":6},"end":{"line":156,"column":42}},"41":{"start":{"line":157,"column":6},"end":{"line":175,"column":8}},"42":{"start":{"line":177,"column":26},"end":{"line":188,"column":null}},"43":{"start":{"line":190,"column":6},"end":{"line":190,"column":68}},"44":{"start":{"line":194,"column":2},"end":{"line":198,"column":4}},"45":{"start":{"line":200,"column":22},"end":{"line":381,"column":4}},"46":{"start":{"line":383,"column":2},"end":{"line":410,"column":3}},"47":{"start":{"line":384,"column":27},"end":{"line":384,"column":60}},"48":{"start":{"line":385,"column":4},"end":{"line":385,"column":34}},"49":{"start":{"line":385,"column":25},"end":{"line":385,"column":34}},"50":{"start":{"line":387,"column":27},"end":{"line":390,"column":null}},"51":{"start":{"line":393,"column":4},"end":{"line":409,"column":5}},"52":{"start":{"line":394,"column":6},"end":{"line":408,"column":8}},"53":{"start":{"line":416,"column":2},"end":{"line":416,"column":32}},"54":{"start":{"line":416,"column":25},"end":{"line":416,"column":32}},"55":{"start":{"line":418,"column":2},"end":{"line":431,"column":3}},"56":{"start":{"line":419,"column":4},"end":{"line":430,"column":9}},"57":{"start":{"line":420,"column":6},"end":{"line":420,"column":35}},"58":{"start":{"line":422,"column":21},"end":{"line":424,"column":8}},"59":{"start":{"line":425,"column":6},"end":{"line":427,"column":7}},"60":{"start":{"line":426,"column":8},"end":{"line":426,"column":37}},"61":{"start":{"line":429,"column":6},"end":{"line":429,"column":31}},"62":{"start":{"line":433,"column":2},"end":{"line":433,"column":26}}},"fnMap":{"0":{"name":"getDatabaseUrl","decl":{"start":{"line":12,"column":9},"end":{"line":12,"column":23}},"loc":{"start":{"line":12,"column":35},"end":{"line":24,"column":1}}},"1":{"name":"getPool","decl":{"start":{"line":26,"column":9},"end":{"line":26,"column":16}},"loc":{"start":{"line":26,"column":28},"end":{"line":46,"column":1}}},"2":{"name":"query","decl":{"start":{"line":48,"column":22},"end":{"line":48,"column":27}},"loc":{"start":{"line":51,"column":24},"end":{"line":59,"column":1}}},"3":{"name":"closePool","decl":{"start":{"line":62,"column":22},"end":{"line":62,"column":31}},"loc":{"start":{"line":62,"column":31},"end":{"line":68,"column":1}}},"4":{"name":"ensureTablesExist","decl":{"start":{"line":70,"column":15},"end":{"line":70,"column":32}},"loc":{"start":{"line":70,"column":44},"end":{"line":121,"column":1}}},"5":{"name":"seedDemoWorkspace","decl":{"start":{"line":123,"column":15},"end":{"line":123,"column":32}},"loc":{"start":{"line":123,"column":44},"end":{"line":411,"column":1}}},"6":{"name":"ensureSchema","decl":{"start":{"line":415,"column":22},"end":{"line":415,"column":34}},"loc":{"start":{"line":415,"column":46},"end":{"line":434,"column":1}}},"7":{"name":"(anonymous_8)","decl":{"start":{"line":419,"column":25},"end":{"line":419,"column":30}},"loc":{"start":{"line":419,"column":36},"end":{"line":430,"column":5}}}},"branchMap":{"0":{"loc":{"start":{"line":13,"column":2},"end":{"line":15,"column":3}},"type":"if","locations":[{"start":{"line":13,"column":2},"end":{"line":15,"column":3}},{"start":{},"end":{}}]},"1":{"loc":{"start":{"line":17,"column":2},"end":{"line":19,"column":3}},"type":"if","locations":[{"start":{"line":17,"column":2},"end":{"line":19,"column":3}},{"start":{},"end":{}}]},"2":{"loc":{"start":{"line":17,"column":6},"end":{"line":17,"column":65}},"type":"binary-expr","locations":[{"start":{"line":17,"column":6},"end":{"line":17,"column":36}},{"start":{"line":17,"column":40},"end":{"line":17,"column":65}}]},"3":{"loc":{"start":{"line":27,"column":2},"end":{"line":44,"column":3}},"type":"if","locations":[{"start":{"line":27,"column":2},"end":{"line":44,"column":3}},{"start":{},"end":{}}]},"4":{"loc":{"start":{"line":33,"column":19},"end":{"line":33,"column":41}},"type":"binary-expr","locations":[{"start":{"line":33,"column":19},"end":{"line":33,"column":33}},{"start":{"line":33,"column":37},"end":{"line":33,"column":41}}]},"5":{"loc":{"start":{"line":36,"column":16},"end":{"line":36,"column":69}},"type":"binary-expr","locations":[{"start":{"line":36,"column":16},"end":{"line":36,"column":54}},{"start":{"line":36,"column":58},"end":{"line":36,"column":69}}]},"6":{"loc":{"start":{"line":51,"column":2},"end":{"line":51,"column":24}},"type":"default-arg","locations":[{"start":{"line":51,"column":22},"end":{"line":51,"column":24}}]},"7":{"loc":{"start":{"line":63,"column":2},"end":{"line":67,"column":3}},"type":"if","locations":[{"start":{"line":63,"column":2},"end":{"line":67,"column":3}},{"start":{},"end":{}}]},"8":{"loc":{"start":{"line":131,"column":2},"end":{"line":138,"column":3}},"type":"if","locations":[{"start":{"line":131,"column":2},"end":{"line":138,"column":3}},{"start":{},"end":{}}]},"9":{"loc":{"start":{"line":154,"column":4},"end":{"line":191,"column":5}},"type":"if","locations":[{"start":{"line":154,"column":4},"end":{"line":191,"column":5}},{"start":{"line":176,"column":11},"end":{"line":191,"column":5}}]},"10":{"loc":{"start":{"line":154,"column":9},"end":{"line":154,"column":35}},"type":"binary-expr","locations":[{"start":{"line":154,"column":9},"end":{"line":154,"column":30}},{"start":{"line":154,"column":34},"end":{"line":154,"column":35}}]},"11":{"loc":{"start":{"line":385,"column":4},"end":{"line":385,"column":34}},"type":"if","locations":[{"start":{"line":385,"column":4},"end":{"line":385,"column":34}},{"start":{},"end":{}}]},"12":{"loc":{"start":{"line":393,"column":4},"end":{"line":409,"column":5}},"type":"if","locations":[{"start":{"line":393,"column":4},"end":{"line":409,"column":5}},{"start":{},"end":{}}]},"13":{"loc":{"start":{"line":416,"column":2},"end":{"line":416,"column":32}},"type":"if","locations":[{"start":{"line":416,"column":2},"end":{"line":416,"column":32}},{"start":{},"end":{}}]},"14":{"loc":{"start":{"line":418,"column":2},"end":{"line":431,"column":3}},"type":"if","locations":[{"start":{"line":418,"column":2},"end":{"line":431,"column":3}},{"start":{},"end":{}}]},"15":{"loc":{"start":{"line":425,"column":6},"end":{"line":427,"column":7}},"type":"if","locations":[{"start":{"line":425,"column":6},"end":{"line":427,"column":7}},{"start":{},"end":{}}]},"16":{"loc":{"start":{"line":425,"column":11},"end":{"line":425,"column":31}},"type":"binary-expr","locations":[{"start":{"line":425,"column":11},"end":{"line":425,"column":26}},{"start":{"line":425,"column":30},"end":{"line":425,"column":31}}]}},"s":{"0":2,"1":2,"2":2,"3":2,"4":2,"5":2,"6":2,"7":5,"8":1,"9":4,"10":3,"11":1,"12":15,"13":5,"14":4,"15":4,"16":14,"17":15,"18":14,"19":14,"20":14,"21":10,"22":4,"23":4,"24":4,"25":1,"26":1,"27":1,"28":0,"29":0,"30":0,"31":0,"32":0,"33":0,"34":0,"35":0,"36":0,"37":0,"38":0,"39":0,"40":0,"41":0,"42":0,"43":0,"44":0,"45":0,"46":0,"47":0,"48":0,"49":0,"50":0,"51":0,"52":0,"53":2,"54":1,"55":1,"56":1,"57":1,"58":1,"59":1,"60":0,"61":1,"62":1},"f":{"0":5,"1":15,"2":15,"3":10,"4":1,"5":0,"6":2,"7":1},"b":{"0":[1,4],"1":[3,1],"2":[4,4],"3":[5,10],"4":[4,0],"5":[4,0],"6":[7],"7":[4,6],"8":[0,0],"9":[0,0],"10":[0,0],"11":[0,0],"12":[0,0],"13":[1,1],"14":[1,0],"15":[0,1],"16":[1,0]}}
,"C:\\VSC PROJECT\\SmartTicket\\src\\lib\\error-capture.ts": {"path":"C:\\VSC PROJECT\\SmartTicket\\src\\lib\\error-capture.ts","statementMap":{"0":{"start":{"line":18,"column":0},"end":{"line":18,"column":16}},"1":{"start":{"line":5,"column":15},"end":{"line":5,"column":20}},"2":{"start":{"line":8,"column":2},"end":{"line":8,"column":48}},"3":{"start":{"line":11,"column":0},"end":{"line":16,"column":1}},"4":{"start":{"line":12,"column":2},"end":{"line":12,"column":96}},"5":{"start":{"line":12,"column":50},"end":{"line":12,"column":94}},"6":{"start":{"line":13,"column":2},"end":{"line":15,"column":4}},"7":{"start":{"line":14,"column":4},"end":{"line":14,"column":51}},"8":{"start":{"line":19,"column":2},"end":{"line":19,"column":43}},"9":{"start":{"line":19,"column":26},"end":{"line":19,"column":43}},"10":{"start":{"line":20,"column":2},"end":{"line":23,"column":3}},"11":{"start":{"line":21,"column":4},"end":{"line":21,"column":34}},"12":{"start":{"line":22,"column":4},"end":{"line":22,"column":21}},"13":{"start":{"line":24,"column":20},"end":{"line":24,"column":37}},"14":{"start":{"line":25,"column":2},"end":{"line":25,"column":32}},"15":{"start":{"line":26,"column":2},"end":{"line":26,"column":15}}},"fnMap":{"0":{"name":"record","decl":{"start":{"line":7,"column":9},"end":{"line":7,"column":15}},"loc":{"start":{"line":7,"column":30},"end":{"line":9,"column":1}}},"1":{"name":"(anonymous_1)","decl":{"start":{"line":12,"column":39},"end":{"line":12,"column":40}},"loc":{"start":{"line":12,"column":50},"end":{"line":12,"column":94}}},"2":{"name":"(anonymous_2)","decl":{"start":{"line":13,"column":52},"end":{"line":13,"column":53}},"loc":{"start":{"line":14,"column":4},"end":{"line":14,"column":51}}},"3":{"name":"consumeLastCapturedError","decl":{"start":{"line":18,"column":16},"end":{"line":18,"column":40}},"loc":{"start":{"line":18,"column":40},"end":{"line":27,"column":1}}}},"branchMap":{"0":{"loc":{"start":{"line":11,"column":0},"end":{"line":16,"column":1}},"type":"if","locations":[{"start":{"line":11,"column":0},"end":{"line":16,"column":1}},{"start":{},"end":{}}]},"1":{"loc":{"start":{"line":12,"column":58},"end":{"line":12,"column":93}},"type":"binary-expr","locations":[{"start":{"line":12,"column":58},"end":{"line":12,"column":84}},{"start":{"line":12,"column":88},"end":{"line":12,"column":93}}]},"2":{"loc":{"start":{"line":19,"column":2},"end":{"line":19,"column":43}},"type":"if","locations":[{"start":{"line":19,"column":2},"end":{"line":19,"column":43}},{"start":{},"end":{}}]},"3":{"loc":{"start":{"line":20,"column":2},"end":{"line":23,"column":3}},"type":"if","locations":[{"start":{"line":20,"column":2},"end":{"line":23,"column":3}},{"start":{},"end":{}}]}},"s":{"0":7,"1":7,"2":0,"3":7,"4":0,"5":0,"6":0,"7":0,"8":5,"9":5,"10":0,"11":0,"12":0,"13":0,"14":0,"15":0},"f":{"0":0,"1":0,"2":0,"3":5},"b":{"0":[0,7],"1":[0,0],"2":[5,0],"3":[0,0]}}
,"C:\\VSC PROJECT\\SmartTicket\\src\\lib\\error-page.ts": {"path":"C:\\VSC PROJECT\\SmartTicket\\src\\lib\\error-page.ts","statementMap":{"0":{"start":{"line":1,"column":0},"end":{"line":1,"column":16}},"1":{"start":{"line":2,"column":2},"end":{"line":29,"column":9}}},"fnMap":{"0":{"name":"renderErrorPage","decl":{"start":{"line":1,"column":16},"end":{"line":1,"column":31}},"loc":{"start":{"line":1,"column":31},"end":{"line":30,"column":1}}}},"branchMap":{},"s":{"0":7,"1":4},"f":{"0":4},"b":{}}
}
