TN:
SF:src\server.ts
FN:15,getServerEntry
FN:17,(anonymous_10)
FN:18,(anonymous_11)
FN:24,jsonResponse
FN:31,htmlResponse
FN:38,handleAuthApi
FN:45,(anonymous_15)
FN:51,(anonymous_16)
FN:96,(anonymous_17)
FN:111,brandedErrorResponse
FN:118,isCatastrophicSsrErrorBody
FN:132,(anonymous_20)
FN:145,normalizeCatastrophicSsrResponse
FN:159,calculateSla
FN:174,handleTicketsApi
FN:209,(anonymous_24)
FN:242,(anonymous_25)
FN:319,(anonymous_26)
FN:381,(anonymous_27)
FNF:19
FNH:7
FNDA:0,getServerEntry
FNDA:0,(anonymous_10)
FNDA:0,(anonymous_11)
FNDA:31,jsonResponse
FNDA:2,htmlResponse
FNDA:10,handleAuthApi
FNDA:0,(anonymous_15)
FNDA:0,(anonymous_16)
FNDA:0,(anonymous_17)
FNDA:0,brandedErrorResponse
FNDA:0,isCatastrophicSsrErrorBody
FNDA:0,(anonymous_20)
FNDA:0,normalizeCatastrophicSsrResponse
FNDA:3,calculateSla
FNDA:33,handleTicketsApi
FNDA:28,(anonymous_24)
FNDA:0,(anonymous_25)
FNDA:0,(anonymous_26)
FNDA:33,(anonymous_27)
DA:1,6
DA:3,6
DA:4,6
DA:5,6
DA:6,6
DA:7,6
DA:16,0
DA:17,0
DA:18,0
DA:21,0
DA:25,31
DA:32,2
DA:39,10
DA:40,10
DA:41,10
DA:42,10
DA:44,10
DA:45,2
DA:46,2
DA:47,2
DA:50,8
DA:51,1
DA:52,1
DA:53,1
DA:54,1
DA:55,1
DA:57,1
DA:60,7
DA:61,2
DA:62,2
DA:63,2
DA:87,2
DA:90,5
DA:91,3
DA:92,3
DA:95,2
DA:96,1
DA:97,1
DA:98,1
DA:101,1
DA:102,1
DA:108,0
DA:112,0
DA:120,0
DA:121,0
DA:123,0
DA:126,0
DA:127,0
DA:130,0
DA:131,0
DA:132,0
DA:133,0
DA:136,0
DA:146,0
DA:147,0
DA:148,0
DA:150,0
DA:151,0
DA:152,0
DA:155,0
DA:156,0
DA:160,3
DA:162,0
DA:164,0
DA:166,3
DA:168,0
DA:170,0
DA:175,33
DA:176,33
DA:177,33
DA:180,33
DA:181,5
DA:182,5
DA:183,5
DA:185,5
DA:186,2
DA:189,2
DA:190,1
DA:194,5
DA:209,28
DA:233,4
DA:235,1
DA:236,1
DA:241,28
DA:242,4
DA:243,4
DA:245,4
DA:246,1
DA:249,3
DA:250,3
DA:251,3
DA:253,3
DA:254,3
DA:255,2
DA:256,2
DA:258,1
DA:259,1
DA:262,3
DA:264,3
DA:265,3
DA:266,2
DA:268,2
DA:275,2
DA:277,1
DA:278,1
DA:283,24
DA:284,24
DA:285,14
DA:287,14
DA:288,6
DA:289,6
DA:290,5
DA:291,2
DA:294,3
DA:297,3
DA:298,3
DA:299,1
DA:302,1
DA:303,1
DA:304,1
DA:305,1
DA:310,2
DA:312,1
DA:313,1
DA:317,8
DA:318,5
DA:319,5
DA:320,5
DA:321,5
DA:322,5
DA:323,5
DA:325,5
DA:326,3
DA:327,3
DA:329,5
DA:330,1
DA:331,1
DA:334,5
DA:335,2
DA:336,1
DA:338,1
DA:343,1
DA:344,1
DA:345,1
DA:350,5
DA:351,5
DA:352,5
DA:359,4
DA:361,1
DA:362,1
DA:366,3
DA:367,3
DA:368,3
DA:369,2
DA:371,1
DA:372,1
DA:377,10
DA:380,6
DA:382,33
DA:383,33
DA:384,33
DA:386,10
DA:387,10
DA:388,10
DA:391,0
DA:392,0
DA:393,0
DA:395,0
DA:396,0
LF:169
LH:136
BRDA:16,0,0,0
BRDA:16,0,1,0
BRDA:18,1,0,0
BRDA:18,1,1,0
BRDA:24,2,0,1
BRDA:24,3,0,30
BRDA:31,4,0,0
BRDA:44,5,0,2
BRDA:44,5,1,8
BRDA:44,6,0,10
BRDA:44,6,1,2
BRDA:50,7,0,1
BRDA:50,7,1,7
BRDA:50,8,0,8
BRDA:50,8,1,1
BRDA:54,9,0,1
BRDA:54,9,1,0
BRDA:54,10,0,1
BRDA:54,10,1,1
BRDA:60,11,0,2
BRDA:60,11,1,5
BRDA:60,12,0,7
BRDA:60,12,1,2
BRDA:61,13,0,2
BRDA:61,13,1,0
BRDA:80,14,0,1
BRDA:80,14,1,1
BRDA:87,15,0,1
BRDA:87,15,1,1
BRDA:90,16,0,3
BRDA:90,16,1,2
BRDA:90,17,0,5
BRDA:90,17,1,4
BRDA:95,18,0,1
BRDA:95,18,1,1
BRDA:95,19,0,2
BRDA:95,19,1,1
BRDA:101,20,0,1
BRDA:101,20,1,0
BRDA:101,21,0,1
BRDA:101,21,1,1
BRDA:126,22,0,0
BRDA:126,22,1,0
BRDA:126,23,0,0
BRDA:126,23,1,0
BRDA:126,23,2,0
BRDA:132,24,0,0
BRDA:132,24,1,0
BRDA:137,25,0,0
BRDA:137,25,1,0
BRDA:137,25,2,0
BRDA:137,25,3,0
BRDA:146,26,0,0
BRDA:146,26,1,0
BRDA:147,27,0,0
BRDA:147,27,1,0
BRDA:148,28,0,0
BRDA:148,28,1,0
BRDA:151,29,0,0
BRDA:151,29,1,0
BRDA:155,30,0,0
BRDA:155,30,1,0
BRDA:160,31,0,0
BRDA:160,31,1,0
BRDA:160,31,2,3
BRDA:160,31,3,0
BRDA:160,31,4,0
BRDA:180,32,0,5
BRDA:180,32,1,28
BRDA:180,33,0,33
BRDA:180,33,1,9
BRDA:185,34,0,2
BRDA:185,34,1,3
BRDA:189,35,0,1
BRDA:189,35,1,1
BRDA:189,36,0,2
BRDA:189,36,1,0
BRDA:212,37,0,28
BRDA:212,37,1,0
BRDA:213,38,0,28
BRDA:213,38,1,1
BRDA:214,39,0,28
BRDA:214,39,1,0
BRDA:215,40,0,28
BRDA:215,40,1,0
BRDA:218,41,0,28
BRDA:218,41,1,20
BRDA:220,42,0,2
BRDA:220,42,1,26
BRDA:222,43,0,11
BRDA:222,43,1,15
BRDA:224,44,0,8
BRDA:224,44,1,7
BRDA:228,45,0,28
BRDA:228,45,1,7
BRDA:241,46,0,4
BRDA:241,46,1,24
BRDA:241,47,0,28
BRDA:241,47,1,4
BRDA:245,48,0,1
BRDA:245,48,1,3
BRDA:245,49,0,4
BRDA:245,49,1,3
BRDA:266,50,0,2
BRDA:266,50,1,0
BRDA:266,51,0,2
BRDA:266,51,1,0
BRDA:284,52,0,14
BRDA:284,52,1,10
BRDA:287,53,0,6
BRDA:287,53,1,8
BRDA:290,54,0,2
BRDA:290,54,1,3
BRDA:298,55,0,1
BRDA:298,55,1,2
BRDA:302,56,0,1
BRDA:302,56,1,0
BRDA:302,57,0,1
BRDA:302,57,1,0
BRDA:304,58,0,1
BRDA:304,58,1,0
BRDA:317,59,0,5
BRDA:317,59,1,3
BRDA:325,60,0,3
BRDA:325,60,1,2
BRDA:329,61,0,1
BRDA:329,61,1,4
BRDA:334,62,0,2
BRDA:334,62,1,3
BRDA:335,63,0,1
BRDA:335,63,1,1
BRDA:335,64,0,2
BRDA:335,64,1,1
BRDA:343,65,0,1
BRDA:343,65,1,0
BRDA:343,66,0,1
BRDA:343,66,1,0
BRDA:350,67,0,5
BRDA:350,67,1,0
BRDA:366,68,0,3
BRDA:366,68,1,0
BRDA:384,69,0,23
BRDA:384,69,1,10
BRDA:387,70,0,10
BRDA:387,70,1,0
BRF:145
BRH:98
end_of_record
TN:
SF:src\lib\auth.ts
FN:13,slugify
FN:23,getJwtSecret
FN:28,createSessionCookie
FN:33,getSessionToken
FN:45,getAuthenticatedUser
FN:60,getOrCreateOrganization
FN:85,registerUser
FN:140,verifyUser
FN:169,loginUser
FN:235,getProfile
FN:281,updateProfile
FNF:11
FNH:11
FNDA:2,slugify
FNDA:14,getJwtSecret
FNDA:2,createSessionCookie
FNDA:22,getSessionToken
FNDA:22,getAuthenticatedUser
FNDA:2,getOrCreateOrganization
FNDA:4,registerUser
FNDA:5,verifyUser
FNDA:5,loginUser
FNDA:6,getProfile
FNDA:4,updateProfile
DA:1,7
DA:2,7
DA:3,7
DA:4,7
DA:10,7
DA:11,7
DA:14,2
DA:24,14
DA:25,14
DA:29,2
DA:30,2
DA:34,22
DA:35,22
DA:36,22
DA:37,3
DA:40,19
DA:41,19
DA:42,19
DA:45,7
DA:46,22
DA:47,22
DA:49,12
DA:50,12
DA:54,10
DA:56,2
DA:61,2
DA:62,2
DA:64,2
DA:70,2
DA:71,2
DA:72,2
DA:75,0
DA:81,0
DA:82,0
DA:85,7
DA:90,4
DA:92,4
DA:93,4
DA:96,4
DA:97,2
DA:100,2
DA:101,2
DA:102,2
DA:103,2
DA:104,2
DA:105,2
DA:107,2
DA:123,2
DA:130,2
DA:140,7
DA:141,5
DA:143,5
DA:149,5
DA:150,2
DA:153,3
DA:154,3
DA:156,3
DA:157,1
DA:160,2
DA:166,2
DA:169,7
DA:170,5
DA:172,5
DA:173,5
DA:182,5
DA:183,1
DA:186,4
DA:196,4
DA:198,4
DA:199,1
DA:202,3
DA:203,1
DA:212,2
DA:216,2
DA:235,7
DA:236,6
DA:238,6
DA:239,6
DA:240,3
DA:243,3
DA:252,3
DA:253,1
DA:256,2
DA:265,2
DA:281,7
DA:286,4
DA:288,4
DA:289,4
DA:290,1
DA:293,3
DA:294,3
DA:295,3
DA:297,3
DA:298,1
DA:304,1
DA:305,1
DA:309,2
DA:315,2
LF:98
LH:95
BRDA:15,0,0,2
BRDA:15,0,1,0
BRDA:24,1,0,14
BRDA:24,1,1,14
BRDA:24,1,2,7
BRDA:25,2,0,14
BRDA:25,2,1,0
BRDA:34,3,0,22
BRDA:34,3,1,18
BRDA:36,4,0,3
BRDA:36,4,1,19
BRDA:40,5,0,19
BRDA:40,5,1,10
BRDA:42,6,0,19
BRDA:42,6,1,10
BRDA:47,7,0,10
BRDA:47,7,1,12
BRDA:61,8,0,2
BRDA:61,8,1,0
BRDA:70,9,0,2
BRDA:70,9,1,0
BRDA:70,10,0,2
BRDA:70,10,1,0
BRDA:96,11,0,2
BRDA:96,11,1,2
BRDA:96,12,0,4
BRDA:96,12,1,0
BRDA:103,13,0,2
BRDA:103,13,1,0
BRDA:105,14,0,0
BRDA:105,14,1,2
BRDA:105,15,0,0
BRDA:105,15,1,2
BRDA:114,16,0,2
BRDA:114,16,1,1
BRDA:126,17,0,2
BRDA:126,17,1,1
BRDA:149,18,0,2
BRDA:149,18,1,3
BRDA:156,19,0,1
BRDA:156,19,1,2
BRDA:182,20,0,1
BRDA:182,20,1,4
BRDA:198,21,0,1
BRDA:198,21,1,3
BRDA:202,22,0,1
BRDA:202,22,1,2
BRDA:239,23,0,3
BRDA:239,23,1,3
BRDA:252,24,0,1
BRDA:252,24,1,2
BRDA:289,25,0,1
BRDA:289,25,1,3
BRDA:293,26,0,3
BRDA:293,26,1,1
BRDA:294,27,0,3
BRDA:294,27,1,1
BRDA:295,28,0,3
BRDA:295,28,1,3
BRDA:297,29,0,1
BRDA:297,29,1,2
BRDA:304,30,0,1
BRDA:304,30,1,0
BRDA:304,31,0,1
BRDA:304,31,1,0
BRF:65
BRH:54
end_of_record
TN:
SF:src\lib\db.ts
FN:12,getDatabaseUrl
FN:26,getPool
FN:48,query
FN:62,closePool
FN:70,ensureTablesExist
FN:123,seedDemoWorkspace
FN:415,ensureSchema
FN:419,(anonymous_8)
FNF:8
FNH:7
FNDA:5,getDatabaseUrl
FNDA:15,getPool
FNDA:15,query
FNDA:10,closePool
FNDA:1,ensureTablesExist
FNDA:0,seedDemoWorkspace
FNDA:2,ensureSchema
FNDA:1,(anonymous_8)
DA:1,2
DA:2,2
DA:3,2
DA:10,2
DA:13,5
DA:14,1
DA:17,4
DA:18,3
DA:21,1
DA:27,15
DA:28,5
DA:29,4
DA:31,4
DA:45,14
DA:48,2
DA:53,15
DA:54,14
DA:55,14
DA:57,14
DA:62,2
DA:63,10
DA:64,4
DA:65,4
DA:66,4
DA:71,1
DA:83,1
DA:102,1
DA:124,0
DA:129,0
DA:131,0
DA:132,0
DA:137,0
DA:140,0
DA:146,0
DA:148,0
DA:149,0
DA:152,0
DA:154,0
DA:155,0
DA:156,0
DA:157,0
DA:177,0
DA:190,0
DA:194,0
DA:200,0
DA:383,0
DA:384,0
DA:385,0
DA:387,0
DA:393,0
DA:394,0
DA:415,2
DA:416,2
DA:418,1
DA:419,1
DA:420,1
DA:422,1
DA:425,1
DA:426,0
DA:429,1
DA:433,1
LF:61
LH:36
BRDA:13,0,0,1
BRDA:13,0,1,4
BRDA:17,1,0,3
BRDA:17,1,1,1
BRDA:17,2,0,4
BRDA:17,2,1,4
BRDA:27,3,0,5
BRDA:27,3,1,10
BRDA:33,4,0,4
BRDA:33,4,1,0
BRDA:36,5,0,4
BRDA:36,5,1,0
BRDA:51,6,0,7
BRDA:63,7,0,4
BRDA:63,7,1,6
BRDA:131,8,0,0
BRDA:131,8,1,0
BRDA:154,9,0,0
BRDA:154,9,1,0
BRDA:154,10,0,0
BRDA:154,10,1,0
BRDA:385,11,0,0
BRDA:385,11,1,0
BRDA:393,12,0,0
BRDA:393,12,1,0
BRDA:416,13,0,1
BRDA:416,13,1,1
BRDA:418,14,0,1
BRDA:418,14,1,0
BRDA:425,15,0,0
BRDA:425,15,1,1
BRDA:425,16,0,1
BRDA:425,16,1,0
BRF:33
BRH:18
end_of_record
TN:
SF:src\lib\error-capture.ts
FN:7,record
FN:12,(anonymous_1)
FN:13,(anonymous_2)
FN:18,consumeLastCapturedError
FNF:4
FNH:1
FNDA:0,record
FNDA:0,(anonymous_1)
FNDA:0,(anonymous_2)
FNDA:5,consumeLastCapturedError
DA:5,7
DA:8,0
DA:11,7
DA:12,0
DA:13,0
DA:14,0
DA:18,7
DA:19,5
DA:20,0
DA:21,0
DA:22,0
DA:24,0
DA:25,0
DA:26,0
LF:14
LH:4
BRDA:11,0,0,0
BRDA:11,0,1,7
BRDA:12,1,0,0
BRDA:12,1,1,0
BRDA:19,2,0,5
BRDA:19,2,1,0
BRDA:20,3,0,0
BRDA:20,3,1,0
BRF:8
BRH:2
end_of_record
TN:
SF:src\lib\error-page.ts
FN:1,renderErrorPage
FNF:1
FNH:1
FNDA:4,renderErrorPage
DA:1,7
DA:2,4
LF:2
LH:2
BRF:0
BRH:0
end_of_record
